<?xml version="1.0" encoding="utf-8"?><testsuites name="pytest tests"><testsuite name="pytest" errors="0" failures="1" skipped="33" tests="1418" time="295.669" timestamp="2026-09-02T04:11:41.968217+00:00" hostname="runnervmgx7h7"><testcase classname="tests.unit.test_critical_suite" name="test_critical_whole_cycle_heartbeat" time="2.090" /><testcase classname="tests.unit.test_critical_suite" name="test_critical_risk_1pct_not_10pct" time="0.018" /><testcase classname="tests.unit.test_critical_suite" name="test_critical_risk_fixed_lot_never_sneaks_in" time="0.017" /><testcase classname="tests.unit.test_model_lifecycle_phase10.TestTrainingDataset" name="test_reproducibility" time="2.110" /><testcase classname="tests.unit.test_model_lifecycle_phase10.TestTrainingDataset" name="test_no_future_leakage" time="2.078" /><testcase classname="tests.unit.test_model_lifecycle_phase10.TestTrainingDataset" name="test_temporal_ordering" time="2.112" /><testcase classname="tests.unit.test_model_lifecycle_phase10.TestTrainingDataset" name="test_provenance" time="2.052" /><testcase classname="tests.unit.test_model_lifecycle_phase10.TestTraining" name="test_wins_included" time="2.046" /><testcase classname="tests.unit.test_model_lifecycle_phase10.TestTrainingDataset" name="test_schema_identity" time="2.077" /><testcase classname="tests.unit.test_model_lifecycle_phase10.TestTraining" name="test_losses_included" time="2.185" /><testcase classname="tests.unit.test_model_lifecycle_phase10.TestCompatibility" name="test_50d_compatibility_via_schema" time="0.003" /><testcase classname="tests.unit.test_model_lifecycle_phase10.TestCompatibility" name="test_scaler_mismatch_rejected" time="0.006" /><testcase classname="tests.unit.test_model_lifecycle_phase10.TestCompatibility" name="test_aihub_01_valid_50d_4class_artifact_passes" time="0.019" /><testcase classname="tests.unit.test_model_lifecycle_phase10.TestTraining" name="test_strategy_context_retained" time="2.100" /><testcase classname="tests.unit.test_model_lifecycle_phase10.TestCompatibility" name="test_aihub_02_class_count_from_head_not_hidden_width" time="0.015" /><testcase classname="tests.unit.test_model_lifecycle_phase10.TestCompatibility" name="test_aihub_04_wrong_scaler_dimension_rejected" time="0.012" /><testcase classname="tests.unit.test_model_lifecycle_phase10.TestTraining" name="test_model_provenance_retained" time="2.118" /><testcase classname="tests.unit.test_model_lifecycle_phase10.TestCompatibility" name="test_aihub_05_class_count_mismatch_rejected" time="0.010" /><testcase classname="tests.unit.test_model_lifecycle_phase10.TestCompatibility" name="test_aihub_06_schema_hash_mismatch_rejected" time="0.010" /><testcase classname="tests.unit.test_model_lifecycle_phase10.TestCompatibility" name="test_aihub_12_dry_run_inference_tensor_shape" time="0.015" /><testcase classname="tests.unit.test_model_lifecycle_phase10.TestCompatibility" name="test_aihub_13_invalid_tensor_shape_explicit_error" time="0.003" /><testcase classname="tests.unit.test_model_lifecycle_phase10.TestCompatibility" name="test_bug118_champion_verified_logs_once_per_fingerprint" time="0.012" /><testcase classname="tests.unit.test_model_lifecycle_phase10.TestCompatibility" name="test_bug118_artifact_rewrite_reverifies_once" time="0.030" /><testcase classname="tests.unit.test_model_lifecycle_phase10.TestCompatibility" name="test_bug118_cold_start_none_memoized" time="0.003" /><testcase classname="tests.unit.test_model_lifecycle_phase10.TestCompatibility" name="test_bug118_force_reload_performs_fresh_verify" time="0.016" /><testcase classname="tests.unit.test_model_lifecycle_phase10.TestGates" name="test_gate_failure_rejects_candidate" time="0.003" /><testcase classname="tests.unit.test_model_lifecycle_phase10.TestGates" name="test_robustness_failure_rejects" time="0.002" /><testcase classname="tests.unit.test_model_lifecycle_phase10.TestGates" name="test_drawdown_failure_rejects" time="0.002" /><testcase classname="tests.unit.test_model_lifecycle_phase10.TestGates" name="test_model_collapse_rejected" time="0.002" /><testcase classname="tests.unit.test_model_lifecycle_phase10.TestGates" name="test_calibration_gate_placeholder" time="0.002" /><testcase classname="tests.unit.test_model_lifecycle_phase10.TestChampionChallenger" name="test_challenger_cannot_execute_production_orders" time="0.002" /><testcase classname="tests.unit.test_model_lifecycle_phase10.TestCompatibility" name="test_future_schema_boundary" time="1.045" /><testcase classname="tests.unit.test_model_lifecycle_phase10.TestChampionChallenger" name="test_champion_unchanged_during_training" time="2.202" /><testcase classname="tests.unit.test_model_lifecycle_phase10.TestGates" name="test_oos_failure_rejects" time="0.002" /><testcase classname="tests.unit.test_model_lifecycle_phase10.TestChampionChallenger" name="test_promotion_lineage_immutable" time="2.185" /><testcase classname="tests.unit.test_model_lifecycle_phase10.TestCompatibility" name="test_dimension_mismatch_rejected" time="0.005" /><testcase classname="tests.unit.test_model_lifecycle_phase10.TestWorker" name="test_failure_isolated" time="1.022" /><testcase classname="tests.unit.test_model_lifecycle_phase10.TestCompatibility" name="test_aihub_03_70d_4class_artifact_loads" time="0.014" /><testcase classname="tests.unit.test_model_lifecycle_phase10.TestWorker" name="test_restart_safe" time="1.085" /><testcase classname="tests.unit.test_model_lifecycle_phase10.TestChampionChallenger" name="test_rejected_challenger_cannot_become_champion" time="1.025" /><testcase classname="tests.unit.test_model_lifecycle_phase10.TestWorker" name="test_cancellation_safe" time="1.022" /><testcase classname="tests.unit.test_model_lifecycle_phase10.TestWorker" name="test_no_live_engine_blocking" time="1.022" /><testcase classname="tests.unit.test_model_lifecycle_phase10.TestExperienceRepresentation" name="test_losses_wins_neutral_represented" time="2.057" /><testcase classname="tests.unit.test_model_lifecycle_phase10.TestRegression" name="test_phase08_experience_intact" time="2.038" /><testcase classname="tests.unit.test_model_lifecycle_phase10.TestRegression" name="test_phase09_research_intact" time="1.024" /><testcase classname="tests.unit.test_model_lifecycle_phase10.TestRegression" name="test_accounting_intact" time="1.062" /><testcase classname="tests.unit.test_model_generation_phase13.TestLegacy" name="test_02_legacy_classified_as_baseline" time="0.002" /><testcase classname="tests.unit.test_model_generation_phase13.TestArtifact" name="test_04_model_manifest_creation" time="0.003" /><testcase classname="tests.unit.test_model_generation_phase13.TestLegacy" name="test_03_legacy_inference_reproducible" time="0.008" /><testcase classname="tests.unit.test_model_generation_phase13.TestLegacy" name="test_01_legacy_scalpnet_still_loads" time="0.066" /><testcase classname="tests.unit.test_model_lifecycle_phase10.TestRegression" name="test_production_inference_contract_intact" time="0.003" /><testcase classname="tests.unit.test_model_generation_phase13.TestDataset" name="test_10_deterministic_generation" time="0.354" /><testcase classname="tests.unit.test_model_generation_phase13.TestArtifact" name="test_09_label_mismatch_rejected" time="0.003" /><testcase classname="tests.unit.test_model_generation_phase13.TestArtifact" name="test_05_dataset_manifest_creation" time="0.375" /><testcase classname="tests.unit.test_model_generation_phase13.TestArtifact" name="test_07_corrupted_artifact_rejected" time="2.753" /><testcase classname="tests.unit.test_model_generation_phase13.TestArtifact" name="test_06_hash_verification" time="2.801" /><testcase classname="tests.unit.test_model_generation_phase13.TestDataset" name="test_12_temporal_split_preserved" time="0.645" /><testcase classname="tests.unit.test_model_generation_phase13.TestDataset" name="test_11_provenance_preserved" time="0.530" /><testcase classname="tests.unit.test_model_generation_phase13.TestDataset" name="test_13_purge_preserved" time="0.515" /><testcase classname="tests.unit.test_model_generation_phase13.TestSample" name="test_16_sample_identity_deterministic" time="0.003" /><testcase classname="tests.unit.test_model_generation_phase13.TestDataset" name="test_15_historical_news_context_preserved" time="0.517" /><testcase classname="tests.unit.test_model_generation_phase13.TestSample" name="test_17_setup_identity_deterministic" time="0.003" /><testcase classname="tests.unit.test_model_generation_phase13.TestModel" name="test_20_model_factory_builds_configured_arch" time="0.010" /><testcase classname="tests.unit.test_model_generation_phase13.TestSample" name="test_18_strategy_identity_preserved" time="0.542" /><testcase classname="tests.unit.test_model_generation_phase13.TestModel" name="test_21_architecture_parameters_persisted" time="2.904" /><testcase classname="tests.unit.test_model_generation_phase13.TestSample" name="test_19_news_provenance_preserved" time="0.485" /><testcase classname="tests.unit.test_model_generation_phase13.TestModel" name="test_23_class_collapse_detected" time="0.004" /><testcase classname="tests.unit.test_model_generation_phase13.TestModel" name="test_24_calibration_evaluated" time="0.004" /><testcase classname="tests.unit.test_model_generation_phase13.TestDataset" name="test_14_embargo_preserved" time="0.003" /><testcase classname="tests.unit.test_model_generation_phase13.TestNews" name="test_28_historical_news_cannot_use_future_events" time="0.008" /><testcase classname="tests.unit.test_model_generation_phase13.TestNews" name="test_25_train_with_news_disabled" time="2.905" /><testcase classname="tests.unit.test_model_generation_phase13.TestValidation" name="test_29_oos_failure_rejects_model" time="0.662" /><testcase classname="tests.unit.test_model_generation_phase13.TestArtifact" name="test_08_schema_mismatch_rejected" time="1.001" /><testcase classname="tests.unit.test_model_generation_phase13.TestValidation" name="test_30_robustness_failure_detected" time="0.007" /><testcase classname="tests.unit.test_model_generation_phase13.TestNews" name="test_27_news_schema_preserved" time="0.003" /><testcase classname="tests.unit.test_model_generation_phase13.TestValidation" name="test_31_regime_failure_detected" time="0.561" /><testcase classname="tests.unit.test_model_generation_phase13.TestValidation" name="test_32_news_ablation_comparison" time="0.004" /><testcase classname="tests.unit.test_model_generation_phase13.TestValidation" name="test_33_ablation_results_persisted" time="0.631" /><testcase classname="tests.unit.test_model_generation_phase13.TestModel" name="test_22_3class_label_contract_enforced" time="0.004" /><testcase classname="tests.unit.test_model_generation_phase13.TestRuntime" name="test_35_prediction_works_without_db" time="0.570" /><testcase classname="tests.unit.test_model_generation_phase13.TestRuntime" name="test_38_atomic_swap_preserves_old" time="1.592" /><testcase classname="tests.unit.test_model_generation_phase13.TestRuntime" name="test_34_loads_without_db" time="0.874" /><testcase classname="tests.unit.test_model_generation_phase13.TestRuntime" name="test_36_schema_mismatch_blocks_loading" time="0.996" /><testcase classname="tests.unit.test_model_generation_phase13.TestReplay" name="test_40_drift_detectable" time="0.003" /><testcase classname="tests.unit.test_model_generation_phase13.TestSafety" name="test_43_model_failure_does_not_bypass_risk" time="0.003" /><testcase classname="tests.unit.test_model_generation_phase13.TestNews" name="test_26_train_with_news_enabled" time="0.704" /><testcase classname="tests.unit.test_model_generation_phase13.TestRuntime" name="test_37_corrupted_artifact_blocks_loading" time="0.844" /><testcase classname="tests.unit.test_model_generation_phase13.TestSafety" name="test_42_challenger_cannot_execute_mt5" time="0.004" /><testcase classname="tests.unit.test_model_generation_phase13.TestFailureIsolation" name="test_47_concurrent_experiment_limit_works" time="0.004" /><testcase classname="tests.unit.test_model_generation_phase13.TestRegression" name="test_52_phase12_news_gate_intact" time="0.004" /><testcase classname="tests.unit.test_model_generation_phase13.TestArtifactAudit" name="test_board_path_traversal_rejected" time="0.008" /><testcase classname="tests.unit.test_model_generation_phase13.TestFailureIsolation" name="test_45_training_failure_isolated" time="0.540" /><testcase classname="tests.unit.test_model_generation_phase13.TestReplay" name="test_39_replay_reproducible" time="0.549" /><testcase classname="tests.unit.test_model_generation_phase13.TestArtifactAudit" name="test_board_store_refuses_traversal_through_api" time="0.005" /><testcase classname="tests.unit.test_model_generation_phase13.TestTrainingInputValidation" name="test_board_inf_features_fail_training" time="0.005" /><testcase classname="tests.unit.test_model_generation_phase13.TestTrainingInputValidation" name="test_board_nan_labels_fail_training" time="0.005" /><testcase classname="tests.unit.test_model_generation_phase13.TestTask5Schema60D" name="test_mg02_60d_schema_registered" time="0.003" /><testcase classname="tests.unit.test_model_generation_phase13.TestArtifactAudit" name="test_board_scaler_persisted_and_roundtrips" time="0.725" /><testcase classname="tests.unit.test_model_generation_phase13.TestTask5Schema60D" name="test_mg03_60d_feature_ordering_deterministic" time="0.003" /><testcase classname="tests.unit.test_model_generation_phase13.TestTask5Schema60D" name="test_mg03b_60d_vector_validate" time="0.002" /><testcase classname="tests.unit.test_model_generation_phase13.TestTask5Schema60D" name="test_mg04_wrong_input_dimension_rejected" time="0.598" /><testcase classname="tests.unit.test_model_generation_phase13.TestSafety" name="test_41_training_cannot_overwrite_champion" time="0.717" /><testcase classname="tests.unit.test_model_generation_phase13.TestArtifactAudit" name="test_board_const_column_scaler_identity" time="0.004" /><testcase classname="tests.unit.test_model_generation_phase13.TestTask5FeatureQuality" name="test_quality_report_flags" time="0.019" /><testcase classname="tests.unit.test_model_generation_phase13.TestTask5FeatureQuality" name="test_quality_report_duplicates" time="0.006" /><testcase classname="tests.unit.test_model_generation_phase13.TestTask5FeatureQuality" name="test_extras_all_finite_cold_start" time="0.004" /><testcase classname="tests.unit.test_model_generation_phase13.TestTask5Dataset60D" name="test_mg10_dataset_provenance_complete" time="0.508" /><testcase classname="tests.unit.test_model_generation_phase13.TestFailureIsolation" name="test_46_cancellation_safe" time="0.956" /><testcase classname="tests.unit.test_model_generation_phase13.TestTask5Schema60D" name="test_mg06_wrong_schema_rejected" time="0.004" /><testcase classname="tests.unit.test_model_generation_phase13.TestTask5Dataset60D" name="test_mg13_same_dataset_reproducible" time="1.151" /><testcase classname="tests.unit.test_model_generation_phase13.TestTrainingInputValidation" name="test_board_nan_features_fail_training" time="0.005" /><testcase classname="tests.unit.test_model_generation_phase13.TestTask5Dataset60D" name="test_mg14_15_news_ablation_identical_split" time="1.143" /><testcase classname="tests.unit.test_model_generation_phase13.TestArtifactAudit" name="test_board_missing_declared_scaler_blocks_load" time="0.752" /><testcase classname="tests.unit.test_model_generation_phase13.TestTask5Dataset60D" name="test_mg10b_60d_artifact_verifier" time="0.526" /><testcase classname="tests.unit.test_model_generation_phase13.TestTask5Schema60D" name="test_mg02b_scalp_v2_not_active" time="0.004" /><testcase classname="tests.unit.test_model_generation_phase13.TestTask5TrainingSafety" name="test_mg17_failed_training_never_challenger" time="0.006" /><testcase classname="tests.unit.test_model_generation_phase13.TestTask5TrainingSafety" name="test_mg18_negative_oos_never_challenger" time="0.005" /><testcase classname="tests.unit.test_model_generation_phase13.TestTask5TrainingSafety" name="test_mg19_robustness_failure_blocks" time="0.006" /><testcase classname="tests.unit.test_model_generation_phase13.TestTask5TrainingSafety" name="test_mg20_artifact_tamper_blocks_load" time="0.555" /><testcase classname="tests.unit.test_model_generation_phase13.TestTask5TrainingSafety" name="test_mg08_invalid_labels_fail" time="0.005" /><testcase classname="tests.unit.test_model_generation_phase13.TestTask5ValidationGates" name="test_min_evidence_blocks" time="0.004" /><testcase classname="tests.unit.test_model_generation_phase13.TestTask5ValidationGates" name="test_ece_floor_blocks" time="0.005" /><testcase classname="tests.unit.test_model_generation_phase13.TestTask5ValidationGates" name="test_balanced_accuracy_helper" time="0.004" /><testcase classname="tests.unit.test_model_generation_phase13.TestTask5RuntimeParity" name="test_mg21_db_unavailable_during_prediction" time="0.615" /><testcase classname="tests.unit.test_model_generation_phase13.TestTask5TrainingSafety" name="test_mg17b_nonfinite_loss_fails" time="0.065" /><testcase classname="tests.unit.test_model_generation_phase13.TestTask5DriftAndWorker" name="test_mg23_feature_drift_detected" time="0.004" /><testcase classname="tests.unit.test_model_generation_phase13.TestTask5DriftAndWorker" name="test_mg24_prediction_drift_detected" time="0.004" /><testcase classname="tests.unit.test_model_generation_phase13.TestTask5DriftAndWorker" name="test_mg25_worker_disabled_state_explicit" time="0.004" /><testcase classname="tests.unit.test_model_generation_phase13.TestTask5DriftAndWorker" name="test_mg26_new_data_trigger_produces_work" time="1.114" /><testcase classname="tests.unit.test_model_generation_phase13.TestTask5Dataset60D" name="test_mg13b_candidate_identity_deterministic" time="0.515" /><testcase classname="tests.unit.test_model_generation_phase13.TestTask5TrainingSafety" name="test_mg07_nonfinite_feature_training_fails" time="0.004" /><testcase classname="tests.unit.test_model_generation_phase13.TestTask5ChampionSafety" name="test_mg16_champion_cannot_be_overwritten_by_candidate_trainer" time="0.537" /><testcase classname="tests.unit.test_model_generation_phase13.TestTask5RuntimeParity" name="test_mg22_replay_prediction_equals_runtime_preprocessing" time="0.658" /><testcase classname="tests.unit.test_model_generation_phase13.TestTask5ChampionSafety" name="test_mg01_50d_champion_contract_untouched" time="0.004" /><testcase classname="tests.unit.test_model_generation_phase13.TestTrainingEmptyDatasetGuards" name="test_board_empty_dataset_fails_training" time="0.005" /><testcase classname="tests.unit.test_model_generation_phase13.TestTrainingEmptyDatasetGuards" name="test_board_degenerate_split_fails_training" time="0.007" /><testcase classname="tests.unit.test_70d_model_validation_task4" name="test_70d_model_01_same_dataset_baseline_and_candidate" time="0.004"><skipped type="pytest.skip" message="existing 50D/60D artifacts not present">/home/runner/work/NexusTradingForexBot/NexusTradingForexBot/tests/unit/test_70d_model_validation_task4.py:163: existing 50D/60D artifacts not present</skipped></testcase><testcase classname="tests.unit.test_70d_model_validation_task4" name="test_70d_model_02_same_labels" time="0.004"><skipped type="pytest.skip" message="existing 50D/60D artifacts not present">/home/runner/work/NexusTradingForexBot/NexusTradingForexBot/tests/unit/test_70d_model_validation_task4.py:180: existing 50D/60D artifacts not present</skipped></testcase><testcase classname="tests.unit.test_70d_model_validation_task4" name="test_70d_model_17_baseline_candidate_same_sample_ids" time="0.004"><skipped type="pytest.skip" message="70D artifact not present">/home/runner/work/NexusTradingForexBot/NexusTradingForexBot/tests/unit/test_70d_model_validation_task4.py:206: 70D artifact not present</skipped></testcase><testcase classname="tests.unit.test_70d_model_validation_task4" name="test_70d_model_03_same_temporal_split" time="0.004"><skipped type="pytest.skip" message="artifacts not present">/home/runner/work/NexusTradingForexBot/NexusTradingForexBot/tests/unit/test_70d_model_validation_task4.py:230: artifacts not present</skipped></testcase><testcase classname="tests.unit.test_70d_model_validation_task4" name="test_70d_model_04_same_purge_embargo" time="0.004"><skipped type="pytest.skip" message="artifacts not present">/home/runner/work/NexusTradingForexBot/NexusTradingForexBot/tests/unit/test_70d_model_validation_task4.py:242: artifacts not present</skipped></testcase><testcase classname="tests.unit.test_70d_model_validation_task4" name="test_70d_model_05_60d_scaler_dimension_correct" time="0.004" /><testcase classname="tests.unit.test_70d_model_validation_task4" name="test_70d_model_06_70d_scaler_dimension_correct" time="0.006"><skipped type="pytest.skip" message="no 70D scaler artifact yet (TASK-2/3 pending)">/home/runner/work/NexusTradingForexBot/NexusTradingForexBot/tests/unit/test_70d_model_validation_task4.py:276: no 70D scaler artifact yet (TASK-2/3 pending)</skipped></testcase><testcase classname="tests.unit.test_70d_model_validation_task4" name="test_70d_model_07_70d_model_forward_pass" time="0.012" /><testcase classname="tests.unit.test_70d_model_validation_task4" name="test_70d_model_08_60d_baseline_forward_pass" time="0.014" /><testcase classname="tests.unit.test_70d_model_validation_task4" name="test_70d_model_09_schema_mismatch_rejected" time="0.004" /><testcase classname="tests.unit.test_model_generation_phase13.TestTask5ChampionSafety" name="test_mg28_challenger_shadow_no_orders" time="0.005" /><testcase classname="tests.unit.test_70d_model_validation_task4" name="test_70d_model_11_nonfinite_feature_training_rejected" time="0.007" /><testcase classname="tests.unit.test_70d_model_validation_task4" name="test_70d_model_14_champion_unchanged" time="0.005"><skipped type="pytest.skip" message="champion artifacts not present">/home/runner/work/NexusTradingForexBot/NexusTradingForexBot/tests/unit/test_70d_model_validation_task4.py:425: champion artifacts not present</skipped></testcase><testcase classname="tests.unit.test_70d_model_validation_task4" name="test_70d_model_12_deterministic_training_smoke" time="5.939" /><testcase classname="tests.unit.test_70d_model_validation_task4" name="test_70d_model_19_news_liquidity_family_separation" time="0.005" /><testcase classname="tests.unit.test_70d_model_validation_task4" name="test_70d_model_20_oos_gate_cannot_use_training_data" time="0.278" /><testcase classname="tests.unit.test_model_generation_phase13.TestTask5ChampionSafety" name="test_mg29_champion_rollback_remains_available" time="0.005" /><testcase classname="tests.unit.test_70d_model_validation_task4" name="test_70d_model_25_candidate_never_auto_promotes" time="1.102" /><testcase classname="tests.unit.test_70d_model_validation_task4" name="test_70d_model_22_calibration_metrics_valid" time="0.004" /><testcase classname="tests.unit.test_model_generation_phase13.TestTask5DriftAndWorker" name="test_mg27_unchanged_dataset_wont_retrain" time="0.928" /><testcase classname="tests.unit.test_70d_model_validation_task4" name="test_70d_model_13_manifest_correctness" time="0.003"><skipped type="pytest.skip" message="TASK-5 70D candidate not trained">/home/runner/work/NexusTradingForexBot/NexusTradingForexBot/tests/unit/test_70d_model_validation_task4.py:594: TASK-5 70D candidate not trained</skipped></testcase><testcase classname="tests.unit.test_70d_model_validation_task4" name="test_70d_model_18_liquidity_ablation_reproducible" time="0.003"><skipped type="pytest.skip" message="70D dataset not built">/home/runner/work/NexusTradingForexBot/NexusTradingForexBot/tests/unit/test_70d_model_validation_task4.py:643: 70D dataset not built</skipped></testcase><testcase classname="tests.unit.test_70d_model_validation_task4" name="test_70d_model_21_robustness_gate_executes" time="0.003"><skipped type="pytest.skip" message="70D candidate not trained">/home/runner/work/NexusTradingForexBot/NexusTradingForexBot/tests/unit/test_70d_model_validation_task4.py:670: 70D candidate not trained</skipped></testcase><testcase classname="tests.unit.test_70d_model_validation_task4" name="test_70d_model_23_parameter_count_reported" time="0.003"><skipped type="pytest.skip" message="TASK-5 70D candidate not trained">/home/runner/work/NexusTradingForexBot/NexusTradingForexBot/tests/unit/test_70d_model_validation_task4.py:684: TASK-5 70D candidate not trained</skipped></testcase><testcase classname="tests.unit.test_70d_model_validation_task4" name="test_70d_model_24_inference_latency_measured" time="0.004"><skipped type="pytest.skip" message="TASK-5 70D candidate not trained (benchmark pending)">/home/runner/work/NexusTradingForexBot/NexusTradingForexBot/tests/unit/test_70d_model_validation_task4.py:702: TASK-5 70D candidate not trained (benchmark pending)</skipped></testcase><testcase classname="tests.unit.test_70d_model_validation_task4" name="test_70d_model_14b_active_schema_still_50d" time="0.003" /><testcase classname="tests.unit.test_70d_model_validation_task4" name="test_70d_model_26_liquidity_distribution_audit_smoke" time="0.330" /><testcase classname="tests.unit.test_70d_model_validation_task4" name="test_70d_model_27_liquidity_redundancy_audit_smoke" time="0.427" /><testcase classname="tests.unit.test_70d_model_validation_task4" name="test_70d_model_28_label_balance_reported" time="0.003"><skipped type="pytest.skip" message="50D artifact not present">/home/runner/work/NexusTradingForexBot/NexusTradingForexBot/tests/unit/test_70d_model_validation_task4.py:786: 50D artifact not present</skipped></testcase><testcase classname="tests.unit.test_70d_model_validation_task4" name="test_70d_model_29_parameter_count_and_latency_reported" time="0.049" /><testcase classname="tests.unit.test_70d_model_validation_task4" name="test_70d_model_30_regime_coverage_gate" time="0.003"><skipped type="pytest.skip" message="50D artifact not present">/home/runner/work/NexusTradingForexBot/NexusTradingForexBot/tests/unit/test_70d_model_validation_task4.py:861: 50D artifact not present</skipped></testcase><testcase classname="tests.unit.test_70d_model_validation_task4" name="test_70d_model_31_70d_walk_forward_trains_end_to_end" time="0.405" /><testcase classname="tests.unit.test_70d_model_validation_task4" name="test_70d_model_15_research_registry_updated" time="0.004"><skipped type="pytest.skip" message="TASK-5 benchmark report not yet written">/home/runner/work/NexusTradingForexBot/NexusTradingForexBot/tests/unit/test_70d_model_validation_task4.py:617: TASK-5 benchmark report not yet written</skipped></testcase><testcase classname="tests.unit.test_70d_model_validation_task4" name="test_70d_model_33_manifest_input_dimension_no_double_count" time="0.183" /><testcase classname="tests.unit.test_70d_model_validation_task4" name="test_70d_model_10_dataset_leakage_rejected" time="0.007"><skipped type="pytest.skip" message="70D dataset not built">/home/runner/work/NexusTradingForexBot/NexusTradingForexBot/tests/unit/test_70d_model_validation_task4.py:577: 70D dataset not built</skipped></testcase><testcase classname="tests.unit.test_walk_forward_trainer" name="test_wf_fine_tune_rolls_back_on_all_nan_buffer" time="0.115" /><testcase classname="tests.unit.test_walk_forward_trainer" name="test_walk_forward_trainer_smc_fine_tune_online" time="0.218" /><testcase classname="tests.unit.test_walk_forward_trainer" name="test_wf_checkpoint_roundtrip_persists_exact_weights" time="0.120" /><testcase classname="tests.unit.test_model_governance_phase16.TestLoadGate" name="test_lg02_champion_hash_verified" time="0.005" /><testcase classname="tests.unit.test_70d_model_validation_task4" name="test_70d_model_32_default_save_path_not_live_champion" time="0.004" /><testcase classname="tests.unit.test_model_governance_phase16.TestLoadGate" name="test_lg03_invalid_champion_blocked_with_exact_gate" time="0.005" /><testcase classname="tests.unit.test_model_governance_phase16.TestChallengerGates" name="test_lg04_challenger_loads_only_if_validation_permits" time="0.007" /><testcase classname="tests.unit.test_model_governance_phase16.TestChallengerGates" name="test_lg05_schema_mismatch_blocks_challenger" time="0.005" /><testcase classname="tests.unit.test_model_governance_phase16.TestChallengerGates" name="test_lg07_feature_dimension_mismatch_blocks_challenger" time="0.006" /><testcase classname="tests.unit.test_model_governance_phase16.TestChallengerGates" name="test_lg06_scaler_mismatch_blocks_challenger" time="0.008" /><testcase classname="tests.unit.test_model_governance_phase16.TestSameState" name="test_lg08_champion_challenger_aligned_timestamp_context" time="0.004" /><testcase classname="tests.unit.test_model_governance_phase16.TestSameState" name="test_lg09_news_context_identical" time="0.005" /><testcase classname="tests.unit.test_model_governance_phase16.TestSameState" name="test_lg15_same_input_deterministic_prediction" time="0.004" /><testcase classname="tests.unit.test_model_governance_phase16.TestShadowIsolation" name="test_lg10_shadow_cannot_execute_orders" time="0.006" /><testcase classname="tests.unit.test_model_governance_phase16.TestShadowIsolation" name="test_lg11_shadow_exception_cannot_stop_champion" time="0.005" /><testcase classname="tests.unit.test_model_governance_phase16.TestShadowIsolation" name="test_lg12_shadow_timeout_cannot_stop_champion" time="0.065" /><testcase classname="tests.unit.test_model_governance_phase16.TestShadowIsolation" name="test_lg13_bounded_queue_cannot_grow_unbounded" time="0.234" /><testcase classname="tests.unit.test_model_governance_phase16.TestLoadGate" name="test_lg01_champion_artifact_loads_when_gate_passes" time="0.005" /><testcase classname="tests.unit.test_model_governance_phase16.TestGoldenAndHealth" name="test_lg16_golden_prediction_parity" time="0.003" /><testcase classname="tests.unit.test_model_governance_phase16.TestShadowIsolation" name="test_lg14_dropped_shadow_samples_observable" time="0.005" /><testcase classname="tests.unit.test_model_governance_phase16.TestGoldenAndHealth" name="test_lg25_model_state_survives_restart" time="2.086" /><testcase classname="tests.unit.test_model_governance_phase16.TestGoldenAndHealth" name="test_lg26_packaged_runtime_reports_correct_model_identity" time="0.004" /><testcase classname="tests.unit.test_model_governance_phase16.TestGoldenAndHealth" name="test_lg29_no_stack_trace_exposed" time="0.004" /><testcase classname="tests.unit.test_model_governance_phase16.TestEvidence" name="test_lg17_eventual_outcome_links_correctly" time="0.003" /><testcase classname="tests.unit.test_model_governance_phase16.TestEvidence" name="test_lg19_live_calibration_buckets_deterministic" time="0.004" /><testcase classname="tests.unit.test_model_governance_phase16.TestEvidence" name="test_lg20_drift_detection_works" time="0.004" /><testcase classname="tests.unit.test_model_governance_phase16.TestEvidence" name="test_lg20b_feature_drift_uses_full_vector_width" time="0.005" /><testcase classname="tests.unit.test_model_governance_phase16.TestPromotionLifecycle" name="test_lg21_promotion_gate_blocks_invalid_candidate" time="2.047" /><testcase classname="tests.unit.test_model_governance_phase16.TestShadowIsolation" name="test_lg30_shadow_adds_no_hot_path_blocking" time="0.003" /><testcase classname="tests.unit.test_model_governance_phase16.TestPromotionLifecycle" name="test_lg23_rollback_restores_previous_champion" time="6.047" /><testcase classname="tests.unit.test_model_governance_phase16.TestGoldenAndHealth" name="test_lg27_api_model_health_reflects_real_state" time="1.025" /><testcase classname="tests.unit.test_model_governance_phase16.TestPromotionLifecycle" name="test_lg22_promotion_requires_explicit_approval" time="2.039" /><testcase classname="tests.unit.test_model_governance_phase16.TestPromotionLifecycle" name="test_lg28_telegram_uses_canonical_governance_report" time="0.003" /><testcase classname="tests.unit.test_model_governance_phase16.TestGovernance70" name="test_gov02_invalid_candidate_rejected" time="4.284" /><testcase classname="tests.unit.test_model_governance_phase16.TestGovernance70" name="test_gov01_valid_candidate_lifecycle" time="6.143" /><testcase classname="tests.unit.test_70d_model_validation_task4" name="test_70d_model_16_candidate_failure_reason_recorded" time="0.003" /><testcase classname="tests.unit.test_model_governance_phase16.TestGovernance70" name="test_gov05_scaler_mismatch_blocks_promotion" time="1.023" /><testcase classname="tests.unit.test_model_governance_phase16.TestGovernance70" name="test_gov06_oos_failure_blocks_promotion" time="1.022" /><testcase classname="tests.unit.test_model_governance_phase16.TestPromotionLifecycle" name="test_lg24_failed_challenger_cannot_overwrite_champion" time="3.043" /><testcase classname="tests.unit.test_model_governance_phase16.TestGovernance70" name="test_gov07_robustness_failure_blocks_promotion" time="1.074" /><testcase classname="tests.unit.test_model_governance_phase16.TestGovernance70" name="test_gov03_schema_mismatch_blocks_promotion" time="1.024" /><testcase classname="tests.unit.test_model_governance_phase16.TestGovernance70" name="test_gov09_critical_drift_blocks_promotion" time="1.028" /><testcase classname="tests.unit.test_model_governance_phase16.TestGovernance70" name="test_gov10_insufficient_evidence_blocks_promotion" time="1.025" /><testcase classname="tests.unit.test_model_governance_phase16.TestGovernance70" name="test_gov11_human_approval_required" time="5.048" /><testcase classname="tests.unit.test_model_governance_phase16.TestGovernance70" name="test_gov08_shadow_failure_blocks_promotion" time="1.022" /><testcase classname="tests.unit.test_model_governance_phase16.TestGovernance70" name="test_gov12_promotion_audit_record" time="2.035" /><testcase classname="tests.unit.test_model_governance_phase16.TestGovernance70" name="test_gov04_artifact_mismatch_blocks_promotion" time="1.027" /><testcase classname="tests.unit.test_model_governance_phase16.TestGovernance70" name="test_gov14_rollback_restores_previous_champion" time="2.039" /><testcase classname="tests.unit.test_model_governance_phase16.TestGovernance70" name="test_gov16_champion_unchanged_after_failed_promotion" time="2.035" /><testcase classname="tests.unit.test_model_governance_phase16.TestGovernance70" name="test_gov15_rollback_preserves_evidence" time="2.161" /><testcase classname="tests.unit.test_model_governance_phase16.TestGovernance70" name="test_gov17_candidate_immutable" time="1.023" /><testcase classname="tests.unit.test_model_governance_phase16.TestGovernance70" name="test_gov18_research_result_immutable" time="1.028" /><testcase classname="tests.unit.test_model_governance_phase16.TestGovernance70" name="test_gov20_technical_failure_rollback" time="2.087" /><testcase classname="tests.unit.test_model_governance_phase16.TestGovernance70" name="test_gov13_atomic_promotion" time="2.035" /><testcase classname="tests.unit.test_model_governance_phase16.TestGovernance70" name="test_gov19_post_promotion_monitoring" time="2.035" /><testcase classname="tests.unit.test_model_governance_phase16.TestGovernance70" name="test_gov21_small_performance_loss_no_instant_rollback" time="1.024" /><testcase classname="tests.unit.test_model_governance_phase16.TestGovernance70" name="test_gov25_installed_runtime_compatibility" time="1.024" /><testcase classname="tests.unit.test_model_governance_phase16.TestGovernance70" name="test_gov22_sample_floor_enforced" time="1.027" /><testcase classname="tests.unit.test_model_governance_phase16.TestGovernance70" name="test_gov23_feature_drift_gate" time="1.023" /><testcase classname="tests.unit.test_model_governance_phase16.TestGovernance70" name="test_gov24_news_liquidity_dependency_gate" time="1.074" /><testcase classname="tests.unit.test_model_governance_phase16.TestGovernance70" name="test_gov26_migration_compatibility" time="0.065" /><testcase classname="tests.unit.test_model_governance_phase16.TestGovernance70" name="test_gov27_ui_status_matches_backend" time="1.026" /><testcase classname="tests.unit.test_model_governance_phase16.TestGovernance70" name="test_gov30_restart_safe_governance_state" time="2.043" /><testcase classname="tests.unit.test_model_governance_phase16.TestGovernance70" name="test_gov28_no_auto_promotion" time="5.088" /><testcase classname="tests.unit.test_model_governance_phase16.TestGovernance70" name="test_gov29_concurrent_promotion_lock" time="1.022" /><testcase classname="tests.unit.test_shadow_phase11.TestBasic" name="test_champion_loads" time="0.003" /><testcase classname="tests.unit.test_shadow_phase11.TestBasic" name="test_corrupt_artifact_rejected" time="0.003" /><testcase classname="tests.unit.test_shadow_phase11.TestShadow" name="test_challenger_produces_shadow_decision" time="1.159" /><testcase classname="tests.unit.test_shadow_phase11.TestBasic" name="test_schema_mismatch_rejected" time="0.003" /><testcase classname="tests.unit.test_shadow_phase11.TestShadow" name="test_shadow_result_marked_simulated" time="0.002" /><testcase classname="tests.unit.test_shadow_phase11.TestShadow" name="test_shadow_outcomes_persisted" time="2.050" /><testcase classname="tests.unit.test_shadow_phase11.TestBasic" name="test_challenger_loads" time="0.003" /><testcase classname="tests.unit.test_shadow_phase11.TestComparison" name="test_metrics_compare_correctly" time="0.004" /><testcase classname="tests.unit.test_shadow_phase11.TestComparison" name="test_small_samples_insufficient" time="0.003" /><testcase classname="tests.unit.test_shadow_phase11.TestComparison" name="test_oos_failure_blocks_promotion" time="0.004" /><testcase classname="tests.unit.test_shadow_phase11.TestComparison" name="test_drawdown_regression_blocks_promotion" time="0.005" /><testcase classname="tests.unit.test_shadow_phase11.TestComparison" name="test_robustness_failure_blocks_promotion" time="0.004" /><testcase classname="tests.unit.test_shadow_phase11.TestComparison" name="test_critical_strategy_regression_blocks_promotion" time="0.004" /><testcase classname="tests.unit.test_shadow_phase11.TestComparison" name="test_calibration_degradation_visible" time="0.004" /><testcase classname="tests.unit.test_shadow_phase11.TestRegimeStrategy" name="test_regime_specific_comparison_works" time="0.004" /><testcase classname="tests.unit.test_shadow_phase11.TestRegimeStrategy" name="test_critical_regime_degradation_not_averaged_away" time="0.004" /><testcase classname="tests.unit.test_shadow_phase11.TestRegimeStrategy" name="test_strategy_specific_comparison_works" time="0.003" /><testcase classname="tests.unit.test_shadow_phase11.TestRegimeStrategy" name="test_retired_strategy_blocked" time="0.004" /><testcase classname="tests.unit.test_shadow_phase11.TestRegimeStrategy" name="test_improved_strategy_evidence_recorded" time="0.003" /><testcase classname="tests.unit.test_shadow_phase11.TestFailureIsolation" name="test_challenger_failure_cannot_affect_champion" time="1.030" /><testcase classname="tests.unit.test_shadow_phase11.TestShadow" name="test_shadow_decision_cannot_submit_mt5" time="0.003" /><testcase classname="tests.unit.test_shadow_phase11.TestFailureIsolation" name="test_worker_restart_works" time="1.021" /><testcase classname="tests.unit.test_shadow_phase11.TestFailureIsolation" name="test_shadow_db_failure_cannot_stop_trading" time="1.023" /><testcase classname="tests.unit.test_shadow_phase11.TestFailureIsolation" name="test_worker_cancellation_works" time="1.022" /><testcase classname="tests.unit.test_shadow_phase11.TestShadow" name="test_champion_unchanged_during_shadow" time="1.056" /><testcase classname="tests.unit.test_shadow_phase11.TestFailureIsolation" name="test_invalid_challenger_cannot_enter_production_path" time="0.003" /><testcase classname="tests.unit.test_shadow_phase11.TestModelEvolution" name="test_historical_lineage_preserved" time="0.004" /><testcase classname="tests.unit.test_shadow_phase11.TestRegression" name="test_live_hot_path_non_blocking" time="1.035" /><testcase classname="tests.unit.test_shadow_phase11.TestModelEvolution" name="test_model_rebuild_does_not_erase_shadow_history" time="3.162" /><testcase classname="tests.unit.test_shadow_phase11.TestModelEvolution" name="test_feature_schema_metadata_preserved" time="0.003" /><testcase classname="tests.unit.test_shadow70_runtime" name="test_shadow02_invalid_manifest_blocked" time="0.004" /><testcase classname="tests.unit.test_shadow70_runtime" name="test_shadow03_schema_mismatch_blocked" time="0.003" /><testcase classname="tests.unit.test_shadow70_runtime" name="test_shadow04_scaler_mismatch_blocked" time="0.003" /><testcase classname="tests.unit.test_shadow70_runtime" name="test_shadow05_artifact_hash_mismatch_blocked" time="0.003" /><testcase classname="tests.unit.test_shadow70_runtime" name="test_shadow05b_non_validated_candidate_blocked" time="0.003" /><testcase classname="tests.unit.test_shadow70_runtime" name="test_shadow06_shadow_inference_succeeds" time="0.004" /><testcase classname="tests.unit.test_shadow70_runtime" name="test_shadow07_inference_failure_isolated" time="0.003" /><testcase classname="tests.unit.test_shadow70_runtime" name="test_shadow07b_bad_vector_rejected" time="0.003" /><testcase classname="tests.unit.test_shadow70_runtime" name="test_shadow08_09_10_no_order_authority" time="0.003" /><testcase classname="tests.unit.test_shadow70_runtime" name="test_shadow11_champion_output_unaffected" time="0.003" /><testcase classname="tests.unit.test_shadow70_runtime" name="test_shadow12_broker_path_unchanged" time="0.004" /><testcase classname="tests.unit.test_shadow70_runtime" name="test_shadow13_observation_idempotent" time="0.003" /><testcase classname="tests.unit.test_shadow70_runtime" name="test_shadow14_reconnect_no_duplicate" time="0.004" /><testcase classname="tests.unit.test_shadow70_runtime" name="test_shadow14b_store_is_insert_or_ignore" time="0.053" /><testcase classname="tests.unit.test_shadow70_runtime" name="test_shadow15_bounded_queue" time="0.006" /><testcase classname="tests.unit.test_shadow70_runtime" name="test_shadow16_backpressure_telemetry" time="0.012" /><testcase classname="tests.unit.test_shadow70_runtime" name="test_shadow17_feature_provenance" time="0.003" /><testcase classname="tests.unit.test_shadow70_runtime" name="test_shadow18_liquidity_feature_health" time="0.003" /><testcase classname="tests.unit.test_shadow70_runtime" name="test_shadow19_feature_drift" time="0.006" /><testcase classname="tests.unit.test_shadow70_runtime" name="test_shadow20_news_liquidity_state_tracking" time="0.003" /><testcase classname="tests.unit.test_shadow70_runtime" name="test_shadow21_latency_measured" time="0.008" /><testcase classname="tests.unit.test_shadow70_runtime" name="test_shadow22_persistence_asynchronous" time="0.025" /><testcase classname="tests.unit.test_shadow70_runtime" name="test_shadow23_mt5_disconnect_isolation" time="0.004" /><testcase classname="tests.unit.test_shadow70_runtime" name="test_shadow24_restart_recovery" time="0.004" /><testcase classname="tests.unit.test_shadow70_runtime" name="test_shadow25_config_hot_reload" time="0.003" /><testcase classname="tests.unit.test_shadow70_runtime" name="test_shadow26_outcome_pending_before_resolution" time="0.003" /><testcase classname="tests.unit.test_shadow70_runtime" name="test_shadow27_shadow_never_accounting" time="0.003" /><testcase classname="tests.unit.test_shadow70_runtime" name="test_shadow29_report_uses_real_data" time="0.005" /><testcase classname="tests.unit.test_shadow70_runtime" name="test_shadow30_31_artifact_unchanged" time="0.004" /><testcase classname="tests.unit.test_shadow70_runtime" name="test_shadow32_memory_bounded" time="0.719" /><testcase classname="tests.unit.test_shadow_phase11.TestBasic" name="test_identical_inputs" time="0.004" /><testcase classname="tests.unit.test_shadow70_runtime" name="test_shadow34_live_feature_schema_exact_70d" time="0.004" /><testcase classname="tests.unit.test_shadow70_runtime" name="test_shadow35_legacy_champion_loadable" time="0.004" /><testcase classname="tests.unit.test_shadow70_runtime" name="test_disagreement_taxonomy" time="0.002" /><testcase classname="tests.unit.test_shadow70_runtime" name="test_shadow36_happy_path_records_70d_observation" time="0.009" /><testcase classname="tests.unit.test_shadow70_runtime" name="test_shadow37_no_50d_shadow_still_records_70d" time="0.004" /><testcase classname="tests.unit.test_shadow70_runtime" name="test_shadow38_news_disabled_no_unboundlocal" time="0.007" /><testcase classname="tests.unit.test_shadow70_runtime" name="test_shadow39_50d_shadow_failure_does_not_block_70d" time="0.004" /><testcase classname="tests.unit.test_shadow70_runtime" name="test_shadow41_governor_snapshot_reused_not_recomputed" time="0.002" /><testcase classname="tests.unit.test_shadow70_runtime" name="test_shadow42_stale_governor_falls_back_bounded" time="0.007" /><testcase classname="tests.unit.test_shadow70_safety" name="test_shadow36_champion_output_never_altered" time="0.003" /><testcase classname="tests.unit.test_shadow70_safety" name="test_shadow37_broker_interaction_zero" time="0.381" /><testcase classname="tests.unit.test_shadow70_runtime" name="test_shadow01_valid_70d_candidate_loads" time="0.006" /><testcase classname="tests.unit.test_shadow70_safety" name="test_shadow39_memory_bounded_under_load" time="0.629" /><testcase classname="tests.unit.test_shadow70_runtime" name="test_shadow33_no_sync_db_on_tick" time="0.005" /><testcase classname="tests.unit.test_shadow70_health_drift" name="test_health_monitor_statistics_truthful" time="0.009" /><testcase classname="tests.unit.test_shadow70_health_drift" name="test_health_monitor_stale_and_missing" time="0.005" /><testcase classname="tests.unit.test_shadow70_health_drift" name="test_drift_severity_classification" time="0.022" /><testcase classname="tests.unit.test_shadow70_health_drift" name="test_drift_insufficient_evidence_floor" time="0.004" /><testcase classname="tests.unit.test_shadow70_health_drift" name="test_psi_math_same_distribution_zero" time="0.004" /><testcase classname="tests.unit.test_shadow70_health_drift" name="test_drift_never_auto_acts" time="0.006" /><testcase classname="tests.unit.test_shadow70_health_drift" name="test_provenance_records_news_and_liquidity_state" time="0.004" /><testcase classname="tests.unit.test_shadow70_health_drift" name="test_store_queued_writer_with_audit_repo" time="2.109" /><testcase classname="tests.unit.test_shadow70_safety" name="test_shadow38_failure_cascade_isolation" time="0.004" /><testcase classname="tests.unit.test_shadow70_health_drift" name="test_vector70_contract_families" time="0.002" /><testcase classname="tests.unit.test_shadow70_health_drift" name="test_feature_name_order_matches_slices" time="0.002" /><testcase classname="tests.unit.test_shadow_hardening_chg0046.TestActionNormalization" name="test_market_suffixes_collapse" time="0.002" /><testcase classname="tests.unit.test_shadow_hardening_chg0046.TestActionNormalization" name="test_policy_vocabulary_passes_through" time="0.002" /><testcase classname="tests.unit.test_shadow_hardening_chg0046.TestActionNormalization" name="test_unknown_is_flat_never_guessed" time="0.002" /><testcase classname="tests.unit.test_shadow_hardening_chg0046.TestActionNormalization" name="test_direction" time="0.002" /><testcase classname="tests.unit.test_shadow_hardening_chg0046.TestFingerprintReproducibility" name="test_full_vector_participates" time="0.002" /><testcase classname="tests.unit.test_shadow_hardening_chg0046.TestFingerprintReproducibility" name="test_deterministic" time="0.002" /><testcase classname="tests.unit.test_shadow_hardening_chg0046.TestFingerprintReproducibility" name="test_nonfinite_is_stable_not_random" time="0.002" /><testcase classname="tests.unit.test_shadow_hardening_chg0046.TestScalerParity" name="test_matches_champion_transform" time="0.002" /><testcase classname="tests.unit.test_shadow_hardening_chg0046.TestScalerParity" name="test_width_mismatch_raises" time="0.002" /><testcase classname="tests.unit.test_shadow_hardening_chg0046.TestModelArgmaxConfidence" name="test_argmax_not_policy_share" time="0.002" /><testcase classname="tests.unit.test_shadow_hardening_chg0046.TestModelArgmaxConfidence" name="test_empty_is_zero" time="0.002" /><testcase classname="tests.unit.test_shadow_hardening_chg0046.TestBuyVsBuyMarketAgreement" name="test_policy_buy_vs_model_buy_market_agrees" time="0.003" /><testcase classname="tests.unit.test_shadow_hardening_chg0046.TestPairedOutcomeResolver" name="test_side_aware_fills" time="0.003" /><testcase classname="tests.unit.test_shadow_hardening_chg0046.TestPairedOutcomeResolver" name="test_flat_side_is_zero_not_mirror" time="0.002" /><testcase classname="tests.unit.test_shadow_hardening_chg0046.TestPairedOutcomeResolver" name="test_delta_r_sign" time="0.002" /><testcase classname="tests.unit.test_shadow_hardening_chg0046.TestPairedOutcomeResolver" name="test_no_tick_coverage_not_recorded" time="0.002" /><testcase classname="tests.unit.test_shadow_hardening_chg0046.TestPairedOutcomeResolver" name="test_deterministic" time="0.002" /><testcase classname="tests.unit.test_shadow_hardening_chg0046.TestResolvedOnlyMetrics" name="test_unresolved_records_produce_zero_expectancy_not_fake" time="0.003" /><testcase classname="tests.unit.test_shadow_hardening_chg0046.TestResolvedOnlyMetrics" name="test_resolved_records_drive_paired_metrics" time="0.003" /><testcase classname="tests.unit.test_shadow_hardening_chg0046.TestAdditiveMigration" name="test_columns_added_and_persisted" time="2.133" /><testcase classname="tests.unit.test_shadow70_safety" name="test_shadow40_worker_persists_to_real_db" time="1.194" /><testcase classname="tests.unit.test_shadow_hardening_chg0046.TestRunFreeze" name="test_artifact_replacement_fails_run" time="0.005" /><testcase classname="tests.unit.test_model_benchmark_phase13b.TestTCNAttentionArchitecture" name="test_01_builds_and_outputs_3class" time="0.007" /><testcase classname="tests.unit.test_model_benchmark_phase13b.TestTCNAttentionArchitecture" name="test_02_invalid_arch_rejected" time="0.002" /><testcase classname="tests.unit.test_model_benchmark_phase13b.TestTCNAttentionArchitecture" name="test_02b_version_explicit" time="0.002" /><testcase classname="tests.unit.test_model_benchmark_phase13b.TestTCNAttentionArchitecture" name="test_06_deterministic_init" time="0.008" /><testcase classname="tests.unit.test_shadow70_runtime" name="test_shadow01b_no_candidate_reports_no_validated" time="0.005" /><testcase classname="tests.unit.test_model_benchmark_phase13b.TestSequenceContract" name="test_04_boundary_excludes_cross_symbol" time="0.013" /><testcase classname="tests.unit.test_shadow70_health_drift" name="test_shadow48_replay_parity_deterministic" time="0.008" /><testcase classname="tests.unit.test_model_benchmark_phase13b.TestNumericalSafety" name="test_10_grad_limit_defined" time="0.004" /><testcase classname="tests.unit.test_model_benchmark_phase13b.TestSequenceContract" name="test_03_ordering_and_boundary" time="0.765" /><testcase classname="tests.unit.test_shadow_hardening_chg0046.TestRunFreeze" name="test_git_revision_captured" time="0.005" /><testcase classname="tests.unit.test_model_benchmark_phase13b.TestSequenceContract" name="test_05_causal_no_future" time="0.009" /><testcase classname="tests.unit.test_model_benchmark_phase13b.TestSequenceContract" name="test_07_3class_labels_only" time="1.752" /><testcase classname="tests.unit.test_model_benchmark_phase13b.TestNumericalSafety" name="test_10b_nonfinite_loss_fails" time="0.985" /><testcase classname="tests.unit.test_model_benchmark_phase13b.TestNewsAblation" name="test_12_news_on_input_62" time="3.025" /><testcase classname="tests.unit.test_model_benchmark_phase13b.TestNewsAblation" name="test_14_manifest_provenance" time="3.039" /><testcase classname="tests.unit.test_model_benchmark_phase13b.TestNewsAblation" name="test_11_news_off_input_50" time="4.690" /><testcase classname="tests.unit.test_model_benchmark_phase13b.TestNewsAblation" name="test_13_news_causality" time="0.006" /><testcase classname="tests.unit.test_model_benchmark_phase13b.TestValidation" name="test_20_calibration" time="0.003" /><testcase classname="tests.unit.test_model_benchmark_phase13b.TestValidation" name="test_20b_confusion_macro_f1" time="0.004" /><testcase classname="tests.unit.test_model_benchmark_phase13b.TestNumericalSafety" name="test_08_nan_rejected" time="1.911" /><testcase classname="tests.unit.test_model_benchmark_phase13b.TestValidation" name="test_19_class_collapse" time="0.004" /><testcase classname="tests.unit.test_model_benchmark_phase13b.TestSafetyRuntime" name="test_25_db_free_load" time="2.612" /><testcase classname="tests.unit.test_model_benchmark_phase13b.TestValidation" name="test_22_regime_metrics_present" time="0.863" /><testcase classname="tests.unit.test_model_benchmark_phase13b.TestFairBenchmark" name="test_matrix_same_dataset" time="0.853" /><testcase classname="tests.unit.test_model_benchmark_phase13b.TestSafetyRuntime" name="test_24_champion_not_overwritten" time="2.775" /><testcase classname="tests.unit.test_model_benchmark_phase13b.TestFairBenchmark" name="test_15b_dataset_parity_hash" time="0.760" /><testcase classname="tests.unit.test_model_benchmark_phase13b.TestValidation" name="test_17_oos_rejected" time="1.629" /><testcase classname="tests.unit.test_schema_70d_reconciliation" name="test_schema_70d_01_exact_canonical_schema" time="0.004" /><testcase classname="tests.unit.test_schema_70d_reconciliation" name="test_schema_70d_04_hash_deterministic" time="0.005" /><testcase classname="tests.unit.test_schema_70d_reconciliation" name="test_schema_70d_05_runtime_schema_matches_canonical" time="0.004" /><testcase classname="tests.unit.test_schema_70d_reconciliation" name="test_schema_70d_06_shadow_schema_matches_canonical" time="0.004" /><testcase classname="tests.unit.test_schema_70d_reconciliation" name="test_schema_70d_07_governance_accepts_only_canonical" time="0.004" /><testcase classname="tests.unit.test_schema_70d_reconciliation" name="test_schema_70d_08_legacy_schema_blocked_from_production" time="0.012" /><testcase classname="tests.unit.test_schema_70d_reconciliation" name="test_current_70d_01_current_head_verified" time="0.007" /><testcase classname="tests.unit.test_schema_70d_reconciliation" name="test_current_70d_02_single_canonical_schema" time="0.005" /><testcase classname="tests.unit.test_schema_70d_reconciliation" name="test_current_70d_03_schema_hash_consistency" time="0.005" /><testcase classname="tests.unit.test_schema_70d_reconciliation" name="test_current_70d_04_champion_integrity" time="0.005"><skipped type="pytest.skip" message="champion artifact not present in this environment">/home/runner/work/NexusTradingForexBot/NexusTradingForexBot/tests/unit/test_schema_70d_reconciliation.py:174: champion artifact not present in this environment</skipped></testcase><testcase classname="tests.unit.test_schema_70d_reconciliation" name="test_current_70d_05_candidate_discovery_truth" time="0.005" /><testcase classname="tests.unit.test_schema_70d_reconciliation" name="test_current_70d_06_candidate_model_integrity" time="0.008" /><testcase classname="tests.unit.test_schema_70d_reconciliation" name="test_current_70d_07_dataset_truth" time="0.004"><skipped type="pytest.skip" message="no 70D datasets present in this environment">/home/runner/work/NexusTradingForexBot/NexusTradingForexBot/tests/unit/test_schema_70d_reconciliation.py:232: no 70D datasets present in this environment</skipped></testcase><testcase classname="tests.unit.test_schema_70d_reconciliation" name="test_current_70d_08_dataset_runtime_parity" time="0.005"><skipped type="pytest.skip" message="real 70D dataset not present">/home/runner/work/NexusTradingForexBot/NexusTradingForexBot/tests/unit/test_schema_70d_reconciliation.py:243: real 70D dataset not present</skipped></testcase><testcase classname="tests.unit.test_schema_70d_reconciliation" name="test_current_70d_09_shadow_truth" time="0.004" /><testcase classname="tests.unit.test_schema_70d_reconciliation" name="test_current_70d_10_bug105_shadow_hook" time="0.011" /><testcase classname="tests.unit.test_schema_70d_reconciliation" name="test_current_70d_11_governance_truth" time="0.005" /><testcase classname="tests.unit.test_schema_70d_reconciliation" name="test_current_70d_12_skip_not_pass" time="0.007" /><testcase classname="tests.unit.test_schema_70d_reconciliation" name="test_current_70d_13_ui_backend_state_parity" time="0.005" /><testcase classname="tests.unit.test_schema_70d_reconciliation" name="test_current_70d_14_news_70d_contract" time="0.005" /><testcase classname="tests.unit.test_schema_70d_reconciliation" name="test_current_70d_15_liquidity_70d_contract" time="0.004" /><testcase classname="tests.unit.test_schema_70d_reconciliation" name="test_current_70d_16_champion_write_protection" time="0.004" /><testcase classname="tests.unit.test_schema_70d_reconciliation" name="test_current_70d_17_head3_weight_integrity_detection" time="0.011" /><testcase classname="tests.unit.test_schema_70d_reconciliation" name="test_current_70d_18_3class_model_rejected" time="0.008" /><testcase classname="tests.unit.test_schema_70d_reconciliation" name="test_current_70d_19_70d_scaler_dimension" time="0.005" /><testcase classname="tests.unit.test_schema_70d_reconciliation" name="test_current_70d_20_no_automatic_promotion" time="0.004" /><testcase classname="tests.unit.test_70d_contract_parity_task3" name="test_p01_dimension_is_exactly_70" time="0.005" /><testcase classname="tests.unit.test_70d_contract_parity_task3" name="test_p01_registry_scalp_v3_is_70d" time="0.005" /><testcase classname="tests.unit.test_70d_contract_parity_task3" name="test_p02_schema_id_is_scalp_v3" time="0.004" /><testcase classname="tests.unit.test_70d_contract_parity_task3" name="test_p02_names_are_index_ordered" time="0.004" /><testcase classname="tests.unit.test_70d_contract_parity_task3" name="test_p03_hash_deterministic" time="0.005" /><testcase classname="tests.unit.test_70d_contract_parity_task3" name="test_p03_hash_covers_order_and_names" time="0.005" /><testcase classname="tests.unit.test_70d_contract_parity_task3" name="test_p03_hash_embedded_in_registry_json" time="0.005" /><testcase classname="tests.unit.test_70d_contract_parity_task3" name="test_p04_family_boundaries" time="0.005" /><testcase classname="tests.unit.test_70d_contract_parity_task3" name="test_p05_valid_vector_passes" time="0.005" /><testcase classname="tests.unit.test_70d_contract_parity_task3" name="test_p05_wrong_dimension_rejected" time="0.005" /><testcase classname="tests.unit.test_70d_contract_parity_task3" name="test_p05_nonfinite_rejected" time="0.005" /><testcase classname="tests.unit.test_70d_contract_parity_task3" name="test_p05_out_of_range_rejected" time="0.005" /><testcase classname="tests.unit.test_70d_contract_parity_task3" name="test_p05_liquidity_range_rejected" time="0.005" /><testcase classname="tests.unit.test_70d_contract_parity_task3" name="test_p05_hash_mismatch_rejected" time="0.005" /><testcase classname="tests.unit.test_liquidity_engine_contract" name="test_liq01_registry_has_60_dimensions_in_order" time="0.004" /><testcase classname="tests.unit.test_liquidity_engine_contract" name="test_liq02_liquidity_feature_names_unique_and_indexed" time="0.004" /><testcase classname="tests.unit.test_liquidity_engine_contract" name="test_liq03_vector_is_exactly_60" time="0.025" /><testcase classname="tests.unit.test_liquidity_engine_contract" name="test_liq04_all_values_finite" time="0.009" /><testcase classname="tests.unit.test_liquidity_engine_contract" name="test_liq05_all_values_clipped_minus3_plus3" time="0.009" /><testcase classname="tests.unit.test_liquidity_engine_contract" name="test_liq06_bsl_distance_measured_above_price" time="0.009" /><testcase classname="tests.unit.test_liquidity_engine_contract" name="test_liq07_ssl_distance_measured_below_price" time="0.009" /><testcase classname="tests.unit.test_liquidity_engine_contract" name="test_liq06_07_directionality_no_cross_contamination" time="0.009" /><testcase classname="tests.unit.test_liquidity_engine_contract" name="test_liq08_eqh_detected_from_equal_swing_highs" time="0.015" /><testcase classname="tests.unit.test_liquidity_engine_contract" name="test_liq09_eql_detected_from_equal_swing_lows" time="0.015" /><testcase classname="tests.unit.test_liquidity_engine_contract" name="test_liq10_eqh_uses_atr_tolerance_not_float_equality" time="0.015" /><testcase classname="tests.unit.test_liquidity_engine_contract" name="test_liq11_far_apart_highs_not_a_cluster" time="0.010" /><testcase classname="tests.unit.test_liquidity_engine_contract" name="test_liq32_no_history_yields_documented_defaults" time="0.004" /><testcase classname="tests.unit.test_liquidity_engine_contract" name="test_liq32_short_history_no_crash" time="0.005" /><testcase classname="tests.unit.test_model_benchmark_phase13b.TestSafetyRuntime" name="test_29_no_execution_access" time="0.004" /><testcase classname="tests.unit.test_liquidity_engine_contract" name="test_liq32_zero_atr_handled" time="0.023" /><testcase classname="tests.unit.test_liquidity_engine_contract" name="test_liq33_atr_matches_engine_semantics" time="0.009" /><testcase classname="tests.unit.test_liquidity_engine_contract" name="test_liq35_pure_function_no_io" time="0.006" /><testcase classname="tests.unit.test_liquidity_engine_contract" name="test_liq36_repeated_calculation_identical" time="0.176" /><testcase classname="tests.unit.test_liquidity_engine_contract" name="test_liq34_no_db_import_in_engine" time="0.005" /><testcase classname="tests.unit.test_liquidity_engine_contract" name="test_liq44_exact_price_equality_ok" time="0.008" /><testcase classname="tests.unit.test_liquidity_engine_contract" name="test_liq44_large_prices_finite" time="0.010" /><testcase classname="tests.unit.test_liquidity_engine_contract" name="test_liq44_sparse_data_defaults" time="0.005" /><testcase classname="tests.unit.test_liquidity_engine_contract" name="test_liq44_midnight_boundary_ok" time="0.048" /><testcase classname="tests.unit.test_model_benchmark_phase13b.TestSafetyRuntime" name="test_28_corrupted_rejected" time="3.468" /><testcase classname="tests.unit.test_liquidity_engine_contract" name="test_pool_source_taxonomy_complete" time="0.004" /><testcase classname="tests.unit.test_liquidity_engine_contract" name="test_pool_lifecycle_states_exist" time="0.004" /><testcase classname="tests.unit.test_liquidity_engine_causality" name="test_liq23_future_swing_invisible_before_confirmation" time="0.012" /><testcase classname="tests.unit.test_liquidity_engine_causality" name="test_liq23_candidate_vs_confirmed_timestamps" time="0.006" /><testcase classname="tests.unit.test_liquidity_engine_causality" name="test_liq24_future_equal_high_touch_invisible" time="0.013" /><testcase classname="tests.unit.test_liquidity_engine_causality" name="test_liq25_incomplete_htf_candle_excluded" time="0.009" /><testcase classname="tests.unit.test_liquidity_engine_causality" name="test_liq25_future_htf_never_changes_features_at_t" time="0.014" /><testcase classname="tests.unit.test_liquidity_engine_causality" name="test_liq18_bsl_sweep_detected_after_rejection" time="0.009" /><testcase classname="tests.unit.test_liquidity_engine_contract" name="test_liq44_duplicate_levels_single_pool" time="0.022" /><testcase classname="tests.unit.test_liquidity_engine_causality" name="test_liq19_ssl_sweep_detected_after_rejection" time="0.009" /><testcase classname="tests.unit.test_liquidity_engine_causality" name="test_liq21_sweep_then_reclaim_still_negative_or_touched" time="0.009" /><testcase classname="tests.unit.test_liquidity_engine_causality" name="test_liq20_breakout_not_swept" time="0.016" /><testcase classname="tests.unit.test_liquidity_engine_causality" name="test_liq22_displacement_only_after_sweep" time="0.010" /><testcase classname="tests.unit.test_liquidity_engine_causality" name="test_liq27_future_displacement_invisible_at_t" time="0.007" /><testcase classname="tests.unit.test_liquidity_engine_causality" name="test_liq26_future_sweep_invisible_at_t" time="0.017" /><testcase classname="tests.unit.test_liquidity_engine_causality" name="test_liq28_historical_invariance_full_future" time="0.089" /><testcase classname="tests.unit.test_liquidity_engine_causality" name="test_liq28_historical_invariance_partial_future" time="0.029" /><testcase classname="tests.unit.test_liquidity_engine_causality" name="test_60d_base_01_first_50_unchanged_when_liquidity_enabled" time="0.817" /><testcase classname="tests.unit.test_liquidity_engine_causality" name="test_liq28_swing_eqh_htf_sweep_all_invariant" time="0.137" /><testcase classname="tests.unit.test_model_benchmark_phase13b.TestSafetyRuntime" name="test_27_artifact_integrity" time="3.236" /><testcase classname="tests.unit.test_liquidity_engine_features" name="test_liq12_htf_score_uses_completed_buckets" time="1.229" /><testcase classname="tests.unit.test_liquidity_engine_causality" name="test_60d_base_01_active_schema_untouched" time="0.007" /><testcase classname="tests.unit.test_liquidity_engine_features" name="test_liq14_15_internal_vs_external_explicit" time="0.018" /><testcase classname="tests.unit.test_liquidity_engine_features" name="test_liq14_15_two_pools_in_and_out" time="0.022" /><testcase classname="tests.unit.test_liquidity_engine_features" name="test_liq16_confluence_rewards_zones" time="0.009" /><testcase classname="tests.unit.test_liquidity_engine_features" name="test_liq17_duplicate_references_not_inflated" time="0.008" /><testcase classname="tests.unit.test_liquidity_engine_features" name="test_liq17_empty_pools_default" time="0.007" /><testcase classname="tests.unit.test_liquidity_engine_features" name="test_liq29_training_and_live_same_function" time="2.494" /><testcase classname="tests.unit.test_liquidity_engine_features" name="test_liq13_incomplete_htf_candle_excluded_score" time="0.011" /><testcase classname="tests.unit.test_liquidity_engine_features" name="test_liq38_60d_vector_rejected_by_50d_model" time="0.024" /><testcase classname="tests.unit.test_liquidity_engine_features" name="test_liq39_50d_vector_rejected_by_60d_model" time="0.024" /><testcase classname="tests.unit.test_liquidity_engine_features" name="test_liq40_legacy_50d_model_remains_loadable" time="0.019" /><testcase classname="tests.unit.test_liquidity_engine_features" name="test_config_liquidity_switch_parses_from_yaml" time="0.020" /><testcase classname="tests.unit.test_liquidity_engine_features" name="test_liq45_smoke_dataset_shape_and_manifest" time="4.431" /><testcase classname="tests.unit.test_schema_70d_reconciliation" name="test_schema_70d_02_feature_order_stable" time="0.007" /><testcase classname="tests.unit.test_70d_replay_parity_task3" name="test_p08_dataset_row_equals_replay" time="1.548" /><testcase classname="tests.unit.test_schema_70d_reconciliation" name="test_schema_70d_03_dimension_exactly_70" time="0.004" /><testcase classname="tests.unit.test_70d_replay_parity_task3" name="test_p18_future_bars_do_not_change_historical_vector" time="0.037" /><testcase classname="tests.unit.test_70d_replay_parity_task3" name="test_p18_future_news_does_not_change_historical_vector" time="0.040" /><testcase classname="tests.unit.test_70d_replay_parity_task3" name="test_p30_corpus_all_70d_and_valid" time="0.005" /><testcase classname="tests.unit.test_70d_replay_parity_task3" name="test_p30_corpus_covers_required_scenarios" time="0.004" /><testcase classname="tests.unit.test_70d_replay_parity_task3" name="test_p30_corpus_deterministic" time="0.203" /><testcase classname="tests.unit.test_70d_replay_parity_task3" name="test_p30_corpus_news_off_is_explicit" time="0.004" /><testcase classname="tests.unit.test_70d_bug106_incremental_phase19" name="test_bug106_incremental_byte_identical" time="0.002"><skipped type="pytest.skip" message="real data file absent">/home/runner/work/NexusTradingForexBot/NexusTradingForexBot/tests/unit/test_70d_bug106_incremental_phase19.py:44: real data file absent</skipped></testcase><testcase classname="tests.unit.test_70d_bug106_incremental_phase19" name="test_bug106_incremental_speedup" time="0.002"><skipped type="pytest.skip" message="real data file absent">/home/runner/work/NexusTradingForexBot/NexusTradingForexBot/tests/unit/test_70d_bug106_incremental_phase19.py:59: real data file absent</skipped></testcase><testcase classname="tests.unit.test_70d_bug106_incremental_phase19" name="test_build_70d_dataset_incremental_with_parity_selfcheck" time="0.002"><skipped type="pytest.skip" message="real data file absent">/home/runner/work/NexusTradingForexBot/NexusTradingForexBot/tests/unit/test_70d_bug106_incremental_phase19.py:81: real data file absent</skipped></testcase><testcase classname="tests.unit.test_70d_bug106_incremental_phase19" name="test_build_70d_dataset_canonical_still_works" time="0.002"><skipped type="pytest.skip" message="real data file absent">/home/runner/work/NexusTradingForexBot/NexusTradingForexBot/tests/unit/test_70d_bug106_incremental_phase19.py:106: real data file absent</skipped></testcase><testcase classname="tests.unit.test_70d_bug106_incremental_phase19" name="test_bug106_10_future_bars_cannot_alter_T" time="0.002"><skipped type="pytest.skip" message="real data file absent">/home/runner/work/NexusTradingForexBot/NexusTradingForexBot/tests/unit/test_70d_bug106_incremental_phase19.py:130: real data file absent</skipped></testcase><testcase classname="tests.unit.test_70d_bug106_incremental_phase19" name="test_bug106_09_10_dimension_finite_clipped" time="0.002"><skipped type="pytest.skip" message="real data file absent">/home/runner/work/NexusTradingForexBot/NexusTradingForexBot/tests/unit/test_70d_bug106_incremental_phase19.py:154: real data file absent</skipped></testcase><testcase classname="tests.unit.test_70d_bug106_incremental_phase19" name="test_bug106_07_news_family_preserved" time="0.002"><skipped type="pytest.skip" message="real data file absent">/home/runner/work/NexusTradingForexBot/NexusTradingForexBot/tests/unit/test_70d_bug106_incremental_phase19.py:172: real data file absent</skipped></testcase><testcase classname="tests.unit.test_70d_bug106_incremental_phase19" name="test_bug106_08_liquidity_v11_params_frozen" time="0.002"><skipped type="pytest.skip" message="real data file absent">/home/runner/work/NexusTradingForexBot/NexusTradingForexBot/tests/unit/test_70d_bug106_incremental_phase19.py:192: real data file absent</skipped></testcase><testcase classname="tests.unit.test_70d_bug106_incremental_phase19" name="test_bug106_13_schema_hash_stable" time="0.002"><skipped type="pytest.skip" message="real data file absent">/home/runner/work/NexusTradingForexBot/NexusTradingForexBot/tests/unit/test_70d_bug106_incremental_phase19.py:212: real data file absent</skipped></testcase><testcase classname="tests.unit.test_70d_bug106_incremental_phase19" name="test_bug106_15_20k_benchmark_completes" time="0.002"><skipped type="pytest.skip" message="real data file absent">/home/runner/work/NexusTradingForexBot/NexusTradingForexBot/tests/unit/test_70d_bug106_incremental_phase19.py:225: real data file absent</skipped></testcase><testcase classname="tests.unit.test_news_bridge_contract_phase13b.TestCausalBoundaryDuplicates" name="test_identical_timestamp_deterministic" time="0.013" /><testcase classname="tests.unit.test_news_bridge_contract_phase13b.TestCausalBoundaryDuplicates" name="test_future_event_strictly_invisible" time="0.008" /><testcase classname="tests.unit.test_news_bridge_contract_phase13b.TestWindowsTimestampSafety" name="test_polars_scalar_no_oserror" time="0.004" /><testcase classname="tests.unit.test_news_bridge_contract_phase13b.TestWindowsTimestampSafety" name="test_numpy_datetime64" time="0.004" /><testcase classname="tests.unit.test_news_bridge_contract_phase13b.TestWindowsTimestampSafety" name="test_naive_datetime_treated_utc" time="0.004" /><testcase classname="tests.unit.test_news_bridge_contract_phase13b.TestWindowsTimestampSafety" name="test_iso_string_and_bad_values" time="0.004" /><testcase classname="tests.unit.test_news_bridge_contract_phase13b.TestCategoricalSafety" name="test_unknown_state_and_novelty_encode_deterministically" time="0.010" /><testcase classname="tests.unit.test_news_bridge_contract_phase13b.TestCategoricalSafety" name="test_nan_inf_never_enters_vector" time="0.008" /><testcase classname="tests.unit.test_news_bridge_contract_phase13b.TestNoNewsDbSafety" name="test_empty_db_export_is_empty_frame" time="0.013" /><testcase classname="tests.unit.test_news_bridge_contract_phase13b.TestNoNewsDbSafety" name="test_missing_news_readiness_gate_red" time="0.004" /><testcase classname="tests.unit.test_news_bridge_contract_phase13b.TestMalformedDbRows" name="test_invalid_impacts_json_safely_zero" time="0.022" /><testcase classname="tests.unit.test_news_bridge_contract_phase13b.TestMalformedDbRows" name="test_empty_impacts_list" time="0.152" /><testcase classname="tests.unit.test_news_bridge_contract_phase13b.TestMalformedDbRows" name="test_missing_values_default_safely" time="0.024" /><testcase classname="tests.unit.test_news_bridge_contract_phase13b.TestMalformedDbRows" name="test_multiple_sources_preserved" time="0.023" /><testcase classname="tests.unit.test_news_bridge_contract_phase13b.TestQualityDiagnostics" name="test_diagnostics_real_values" time="0.011" /><testcase classname="tests.unit.test_news_bridge_contract_phase13b.TestQualityDiagnostics" name="test_readiness_gate_green_on_real_shape" time="0.010" /><testcase classname="tests.unit.test_news_bridge_contract_phase13b.TestQualityDiagnostics" name="test_readiness_gate_red_on_synthetic_shape" time="0.010" /><testcase classname="tests.unit.test_news_bridge_contract_phase13b.TestQualityDiagnostics" name="test_readiness_gate_red_on_empty" time="0.004" /><testcase classname="tests.unit.test_news_bridge_contract_phase13b.TestQualityDiagnostics" name="test_per_field_stats_present" time="0.010" /><testcase classname="tests.unit.test_news_bridge_finalize_phase13b.TestRealDbExport" name="test_multiple_sources_and_json_impacts" time="0.024" /><testcase classname="tests.unit.test_news_bridge_finalize_phase13b.TestRealDbExport" name="test_invalid_json_impacts_do_not_corrupt" time="0.072" /><testcase classname="tests.unit.test_news_bridge_finalize_phase13b.TestRealDbExport" name="test_missing_and_malformed_values_default_safely" time="0.018" /><testcase classname="tests.unit.test_news_bridge_finalize_phase13b.TestRealDbExport" name="test_categorical_fields_encoded_deterministically" time="0.081" /><testcase classname="tests.unit.test_news_bridge_finalize_phase13b.TestRealDbExport" name="test_empty_db_export" time="0.013" /><testcase classname="tests.unit.test_news_bridge_finalize_phase13b.TestNoNewsDbCliContract" name="test_no_news_frame_yields_zero_context_and_warning_path" time="0.094" /><testcase classname="tests.unit.test_news_bridge_finalize_phase13b.TestNoNewsDbCliContract" name="test_real_news_dataset_distinguishable_and_identity_changes" time="1.049" /><testcase classname="tests.unit.test_liquidity_engine_features" name="test_liq30_replay_uses_artifact_feature_columns" time="0.008" /><testcase classname="tests.unit.test_news_bridge_finalize_phase13b.TestSchemaInvariant" name="test_only_12_news_fields_in_dataset" time="0.416" /><testcase classname="tests.unit.test_70d_replay_parity_task3" name="test_p08_dataset_row_equals_replay_with_news" time="1.603" /><testcase classname="tests.unit.test_news_bridge_finalize_phase13b.TestSchemaInvariant" name="test_unknown_categorical_never_nan_or_random" time="0.007" /><testcase classname="tests.unit.test_news_bridge_finalize_phase13b.TestCausalBoundaryPipeline" name="test_T_minus_1_T_T_plus_1_exact" time="0.011" /><testcase classname="tests.unit.test_news_bridge_finalize_phase13b.TestCausalBoundaryPipeline" name="test_time_since_event_semantics" time="0.008" /><testcase classname="tests.unit.test_news_bridge_finalize_phase13b.TestCausalBoundaryPipeline" name="test_identical_timestamp_deterministic_selection" time="0.009" /><testcase classname="tests.unit.test_news_bridge_finalize_phase13b.TestSyntheticBenchmarkDetection" name="test_old_fixture_shape_rejected_by_gate" time="0.011" /><testcase classname="tests.unit.test_news_bridge_finalize_phase13b.TestSyntheticBenchmarkDetection" name="test_benchmark_runner_refuses_synthetic_news" time="0.019" /><testcase classname="tests.unit.test_news_bridge_finalize_phase13b.TestSyntheticBenchmarkDetection" name="test_real_shape_passes_gate" time="0.012" /><testcase classname="tests.unit.test_news_bridge_finalize_phase13b.TestSyntheticBenchmarkDetection" name="test_diagnostics_are_computed_not_faked" time="0.012" /><testcase classname="tests.unit.test_research_phase09b.TestDatasetBuilder" name="test_preserves_temporal_order" time="2.110" /><testcase classname="tests.unit.test_news_bridge_finalize_phase13b.TestNoNewsDbCliContract" name="test_news_changes_dataset_id_deterministically" time="0.814" /><testcase classname="tests.unit.test_research_phase09b.TestDatasetBuilder" name="test_future_outcomes_cannot_enter_discovery" time="2.168" /><testcase classname="tests.unit.test_news_bridge_finalize_phase13b.TestSchemaInvariant" name="test_nan_inf_never_reach_dataset" time="0.310" /><testcase classname="tests.unit.test_research_phase09b.TestCandidates" name="test_identity_deterministic" time="0.003" /><testcase classname="tests.unit.test_research_phase09b.TestCandidates" name="test_version_immutable" time="0.002" /><testcase classname="tests.unit.test_research_phase09b.TestCandidates" name="test_creation_reproducible" time="0.002" /><testcase classname="tests.unit.test_research_phase09b.TestBacktest" name="test_deterministic" time="2.126" /><testcase classname="tests.unit.test_70d_replay_parity_task3" name="test_p05_replay_dimension_and_schema" time="0.015" /><testcase classname="tests.unit.test_research_phase09b.TestBacktest" name="test_sltp_behavior_respected" time="2.131" /><testcase classname="tests.unit.test_research_phase09b.TestDatasetBuilder" name="test_preserves_provenance" time="2.143" /><testcase classname="tests.unit.test_research_phase09b.TestDatasetBuilder" name="test_future_normalization_cannot_leak_backward" time="2.148" /><testcase classname="tests.unit.test_research_phase09b.TestBacktest" name="test_execution_assumptions_affect_result" time="2.345" /><testcase classname="tests.unit.test_research_phase09b.TestBacktest" name="test_friction_modeled" time="2.203" /><testcase classname="tests.unit.test_research_phase09b.TestWalkForward" name="test_temporal_folds_correct" time="2.129" /><testcase classname="tests.unit.test_research_phase09b.TestWalkForward" name="test_purging_works" time="2.042" /><testcase classname="tests.unit.test_research_phase09b.TestWalkForward" name="test_embargo_works" time="2.165" /><testcase classname="tests.unit.test_research_phase09b.TestWalkForward" name="test_oos_boundary_respected" time="2.283" /><testcase classname="tests.unit.test_research_phase09b.TestOOSGate" name="test_in_sample_success_oos_failure_rejected" time="2.073" /><testcase classname="tests.unit.test_research_phase09b.TestOOSGate" name="test_oos_tracked_independently" time="2.262" /><testcase classname="tests.unit.test_research_phase09b.TestRobustness" name="test_spread_stress_evaluated" time="2.041" /><testcase classname="tests.unit.test_research_phase09b.TestRobustness" name="test_parameter_perturbation_evaluated" time="2.253" /><testcase classname="tests.unit.test_research_phase09b.TestRobustness" name="test_slippage_stress_evaluated" time="2.053" /><testcase classname="tests.unit.test_research_phase09b.TestRobustness"
[...]
e_blocks" time="0.003" /><testcase classname="tests.unit.test_70d_inference_validator_task3" name="test_news_invalid_blocks" time="0.004" /><testcase classname="tests.unit.test_70d_inference_validator_task3" name="test_liquidity_unavailable_blocks" time="0.003" /><testcase classname="tests.unit.test_70d_inference_validator_task3" name="test_p09_scaler_dimension_mismatch_blocked" time="0.003" /><testcase classname="tests.unit.test_70d_inference_validator_task3" name="test_liquidity_disabled_allowed_for_validation" time="0.003" /><testcase classname="tests.unit.test_70d_inference_validator_task3" name="test_validator_result_shape" time="0.003" /><testcase classname="tests.unit.test_70d_inference_validator_task3" name="test_p09_scaler_dimension_match_passes" time="0.004" /><testcase classname="tests.unit.test_70d_inference_validator_task3" name="test_p23b_wrong_feature_order_blocked" time="0.003" /><testcase classname="tests.unit.test_70d_inference_validator_task3" name="test_p23b_canonical_feature_order_passes" time="0.004" /><testcase classname="tests.unit.test_user_hunt_bug170_171" name="test_bug171_range_ignoring_server_download_converges" time="0.506" /><testcase classname="tests.unit.test_user_hunt_bug170_171" name="test_bug171_true_resume_still_appends_and_verifies" time="0.506" /><testcase classname="tests.unit.test_user_hunt_bug170_171" name="test_bug171_corrupt_full_body_still_fails_sha" time="0.507" /><testcase classname="tests.unit.test_user_hunt_bug170_171" name="test_bug170_concurrent_spawn_claims_single_engine" time="0.007" /><testcase classname="tests.unit.test_user_hunt_bug170_171" name="test_bug170_stale_pidfile_is_reclaimed" time="0.005" /><testcase classname="tests.release.test_release_hardening" name="test_release_yml_has_bug166_guard" time="0.003" /><testcase classname="tests.release.test_release_hardening" name="test_release_yml_guard_is_throw_not_warning" time="0.003" /><testcase classname="tests.release.test_release_hardening" name="test_release_yml_installer_still_after_full_checksums" time="0.003" /><testcase classname="tests.release.test_release_hardening" name="test_release_yml_bug143_preflight_intact" time="0.003" /><testcase classname="tests.release.test_release_hardening" name="test_guard_fails_when_contract_missing" time="0.004" /><testcase classname="tests.release.test_release_hardening" name="test_guard_fails_on_stubs_too_small" time="0.004" /><testcase classname="tests.release.test_release_hardening" name="test_guard_passes_with_real_contract" time="0.004" /><testcase classname="tests.release.test_release_hardening" name="test_installed_contract_has_exactly_three_artifacts" time="0.004" /><testcase classname="tests.release.test_release_hardening" name="test_installed_contract_tamper_detection" time="0.004" /><testcase classname="tests.release.test_release_hardening" name="test_installed_contract_missing_record_is_not_pass" time="0.004" /><testcase classname="tests.release.test_release_hardening" name="test_onefile_meipass_candidate_present_in_source" time="0.003" /><testcase classname="tests.release.test_release_hardening" name="test_frozen_meipass_build_info_is_discovered" time="0.006" /><testcase classname="tests.release.test_release_hardening" name="test_old_bug_fails_before_runtime_identity_rejected" time="0.009" /><testcase classname="tests.unit.test_liquidity_runtime_integration_phase18" name="test_70d_01_family_indices_do_not_overlap" time="0.003" /><testcase classname="tests.release.test_release_hardening" name="test_release_yml_exe_smoke_asserts_stamped_cli_identity" time="0.003" /><testcase classname="tests.release.test_release_hardening" name="test_get_version_info_never_invents_commit_when_stamped" time="0.008" /><testcase classname="tests.release.test_release_hardening" name="test_real_release_artifacts_verify_passes_then_fails_on_tamper" time="0.001"><skipped type="pytest.skip" message="no built release dir on this machine">/home/runner/work/NexusTradingForexBot/NexusTradingForexBot/tests/release/test_release_hardening.py:384: no built release dir on this machine</skipped></testcase><testcase classname="tests.unit.test_research_purge_defaults_bug183" name="test_run_record_stores_effective_purge_and_embargo" time="0.003" /><testcase classname="tests.unit.test_research_purge_defaults_bug183" name="test_production_gates_default_to_splitting_leakage_constants" time="0.006" /><testcase classname="tests.unit.test_research_purge_defaults_bug183" name="test_split_temporal_default_constants_purge_boundary_crossing_horizon" time="0.004" /><testcase classname="tests.unit.test_evidence_semantics_bug140.TestStableDegradationMath" name="test_near_zero_denominator_does_not_explode" time="0.004" /><testcase classname="tests.unit.test_evidence_semantics_bug140.TestStableDegradationMath" name="test_normal_ratio" time="0.005" /><testcase classname="tests.unit.test_evidence_semantics_bug140.TestStableDegradationMath" name="test_both_near_zero_is_zero" time="0.004" /><testcase classname="tests.unit.test_evidence_semantics_bug140.TestStableDegradationMath" name="test_clipping_bounds" time="0.004" /><testcase classname="tests.unit.test_evidence_semantics_bug140.TestLeakageGuardDefaults" name="test_defaults_are_positive" time="0.004" /><testcase classname="tests.unit.test_winner_protection_geometry_sprint" name="test_be_trigger_fires_once_r_floor_reached" time="0.008" /><testcase classname="tests.unit.test_winner_protection_geometry_sprint" name="test_be_trigger_flat_floor_still_works_without_risk_provenance" time="0.005" /><testcase classname="tests.unit.test_winner_protection_geometry_sprint" name="test_be_atr_alternative_trigger_unchanged" time="0.005" /><testcase classname="tests.unit.test_evidence_semantics_bug140.TestEvaluationModeSemantics" name="test_backtest_result_declares_empirical_replay" time="2.126" /><testcase classname="tests.unit.test_winner_protection_geometry_sprint" name="test_be_lock_offset_is_six_pips" time="0.005" /><testcase classname="tests.unit.test_winner_protection_geometry_sprint" name="test_be_lock_offset_sell_side_mirrors" time="0.005" /><testcase classname="tests.unit.test_winner_protection_geometry_sprint" name="test_tier_floors_tightened_and_arm_unchanged" time="0.005" /><testcase classname="tests.unit.test_winner_protection_geometry_sprint" name="test_micro_profit_noise_zone_still_disarmed" time="0.005" /><testcase classname="tests.unit.test_winner_protection_geometry_sprint" name="test_giveback_closes_when_retention_breaks_new_floor" time="0.005" /><testcase classname="tests.unit.test_winner_protection_geometry_sprint" name="test_sprint_constants_contract" time="0.003" /><testcase classname="tests.unit.test_observability_guardrails.TestValidatorCore" name="test_severity_no_escalation_passes_when_info" time="0.003" /><testcase classname="tests.unit.test_observability_guardrails.TestValidatorCore" name="test_severity_no_escalation_fails_on_warning" time="0.003" /><testcase classname="tests.unit.test_observability_guardrails.TestValidatorCore" name="test_expected_noise_never_error" time="0.003" /><testcase classname="tests.unit.test_observability_guardrails.TestValidatorCore" name="test_property_storm_bounded_across_scales[1]" time="0.003" /><testcase classname="tests.unit.test_observability_guardrails.TestValidatorCore" name="test_property_storm_bounded_across_scales[2]" time="0.003" /><testcase classname="tests.unit.test_observability_guardrails.TestValidatorCore" name="test_property_storm_bounded_across_scales[10]" time="0.003" /><testcase classname="tests.unit.test_observability_guardrails.TestValidatorCore" name="test_property_storm_bounded_across_scales[100]" time="0.004" /><testcase classname="tests.unit.test_observability_guardrails.TestValidatorCore" name="test_property_storm_bounded_across_scales[1000]" time="0.006" /><testcase classname="tests.unit.test_observability_guardrails.TestValidatorCore" name="test_property_storm_bounded_across_scales[10000]" time="0.026" /><testcase classname="tests.unit.test_observability_guardrails.TestValidatorCore" name="test_first_occurrence_immediate" time="0.004" /><testcase classname="tests.unit.test_observability_guardrails.TestValidatorCore" name="test_singleton_immediate_no_flush_needed" time="0.003" /><testcase classname="tests.unit.test_observability_guardrails.TestValidatorCore" name="test_recovery_exactly_once" time="0.003" /><testcase classname="tests.unit.test_observability_guardrails.TestValidatorCore" name="test_recovery_spam_detected" time="0.003" /><testcase classname="tests.unit.test_observability_guardrails.TestValidatorStructure" name="test_summary_content_complete" time="0.003" /><testcase classname="tests.unit.test_observability_guardrails.TestValidatorStructure" name="test_summary_content_detects_loss" time="0.003" /><testcase classname="tests.unit.test_observability_guardrails.TestValidatorStructure" name="test_recoverability_must_survive" time="0.003" /><testcase classname="tests.unit.test_observability_guardrails.TestValidatorStructure" name="test_sample_ids_capped" time="0.003" /><testcase classname="tests.unit.test_observability_guardrails.TestValidatorStructure" name="test_memory_bound_enforced" time="0.003" /><testcase classname="tests.unit.test_observability_guardrails.TestValidatorStructure" name="test_default_memory_bound_is_64" time="0.004" /><testcase classname="tests.unit.test_observability_guardrails.TestValidatorStructure" name="test_process_local_scope" time="0.003" /><testcase classname="tests.unit.test_observability_guardrails.TestPayloadSafety" name="test_telegram_health_state_no_secret" time="0.003" /><testcase classname="tests.unit.test_observability_guardrails.TestPayloadSafety" name="test_provider_usage_snapshot_no_secret" time="0.003" /><testcase classname="tests.unit.test_observability_guardrails.TestPayloadSafety" name="test_numeric_pairs_readable_after_redaction" time="0.003" /><testcase classname="tests.unit.test_observability_guardrails.TestPayloadSafety" name="test_false_numeric_redaction_detected" time="0.003" /><testcase classname="tests.unit.test_observability_guardrails.TestAggregatorMetrics" name="test_metrics_lifecycle" time="0.003" /><testcase classname="tests.unit.test_observability_guardrails.TestAggregatorMetrics" name="test_metrics_are_information_only" time="0.041" /><testcase classname="tests.unit.test_observability_guardrails.TestSubsystemPins" name="test_bls_degraded_then_one_recovery" time="0.644" /><testcase classname="tests.unit.test_user_hunt_bug170_171" name="test_bug170_second_start_after_claim_reports_running" time="0.005" /><testcase classname="tests.unit.test_observability_guardrails.TestSubsystemPins" name="test_strategy_degraded_edge_triggered" time="0.003"><failure message="AssertionError: assert False is True&#10; +  where False = _should_repeat_degraded('strat_x')&#10; +    where _should_repeat_degraded = &lt;nexus_scalp.experience.evaluator.StrategyEvaluator object at 0x7f8838051150&gt;._should_repeat_degraded">self = &lt;tests.unit.test_observability_guardrails.TestSubsystemPins object at 0x7f88bc4188d0&gt;

    def test_strategy_degraded_edge_triggered(self):
        from nexus_scalp.experience.evaluator import StrategyEvaluator
    
        e = StrategyEvaluator.__new__(StrategyEvaluator)
        e._degraded_log_ts = {}
        # first call logs (True); immediate second call suppressed (False)
&gt;       assert e._should_repeat_degraded("strat_x") is True
E       AssertionError: assert False is True
E        +  where False = _should_repeat_degraded('strat_x')
E        +    where _should_repeat_degraded = &lt;nexus_scalp.experience.evaluator.StrategyEvaluator object at 0x7f8838051150&gt;._should_repeat_degraded

tests/unit/test_observability_guardrails.py:411: AssertionError</failure></testcase><testcase classname="tests.unit.test_observability_guardrails.TestSubsystemPins" name="test_pro_auto_cycle_level_aggregation" time="0.014" /><testcase classname="tests.unit.test_observability_guardrails.TestSubsystemPins" name="test_db_hygiene_audit_only_semantics" time="0.014" /><testcase classname="tests.unit.test_observability_guardrails.TestSubsystemPins" name="test_orphan_aggregation_key_stability" time="0.003" /><testcase classname="tests.unit.test_observability_guardrails.TestDoctorSelfTest" name="test_selftest_passes_offline" time="0.026" /><testcase classname="tests.unit.test_observability_guardrails.TestDoctorSelfTest" name="test_doctor_health_check_observability_pass" time="0.026" /><testcase classname="tests.unit.test_observability_guardrails.TestDoctorSelfTest" name="test_selftest_detects_contract_break" time="0.014" /><testcase classname="tests.unit.test_observability_guardrails.TestPerformanceSafety" name="test_no_o_n2_in_single_signature_storm" time="0.024" /><testcase classname="tests.unit.test_observability_guardrails.TestPerformanceSafety" name="test_aggregation_is_thread_safe_under_contention" time="0.007" /><testcase classname="tests.unit.test_observability_guardrails.TestPerformanceSafety" name="test_logging_path_has_no_external_io" time="0.003" /><testcase classname="tests.unit.test_observability_contract_freeze.TestProAutoLlmEmptyAggregation" name="test_first_occurrence_logs_immediately_repeats_aggregate" time="0.003" /><testcase classname="tests.unit.test_observability_contract_freeze.TestProAutoLlmEmptyAggregation" name="test_distinct_last_error_reasons_make_separate_summaries" time="0.003" /><testcase classname="tests.unit.test_observability_contract_freeze.TestProAutoLlmEmptyAggregation" name="test_bounded_output_for_storm" time="0.006" /><testcase classname="tests.unit.test_observability_contract_freeze.TestProAutoLlmEmptyAggregation" name="test_local_fallback_behavior_unchanged" time="0.013" /><testcase classname="tests.unit.test_observability_contract_freeze.TestAggregatorBoundednessContract" name="test_identical_storm_stays_bounded[100-2]" time="0.003" /><testcase classname="tests.unit.test_observability_contract_freeze.TestAggregatorBoundednessContract" name="test_identical_storm_stays_bounded[500-2]" time="0.004" /><testcase classname="tests.unit.test_observability_contract_freeze.TestAggregatorBoundednessContract" name="test_identical_storm_stays_bounded[1000-2]" time="0.005" /><testcase classname="tests.unit.test_observability_contract_freeze.TestAggregatorBoundednessContract" name="test_mixed_storm_bounded_by_distinct_signatures" time="0.004" /><testcase classname="tests.unit.test_observability_contract_freeze.TestAggregatorBoundednessContract" name="test_information_preservation_invariants" time="0.003" /><testcase classname="tests.unit.test_observability_contract_freeze.TestAggregatorBoundednessContract" name="test_no_cross_process_dedup_claim" time="0.003" /><testcase classname="tests.unit.test_observability_contract_freeze.TestFrozenObservabilityContracts" name="test_telegram_disabled_zero_worker_zero_heartbeat" time="0.003" /><testcase classname="tests.unit.test_observability_contract_freeze.TestFrozenObservabilityContracts" name="test_numeric_redaction_freeze" time="0.003" /><testcase classname="tests.unit.test_observability_contract_freeze.TestFrozenObservabilityContracts" name="test_dataset_rejection_recoverability_never_lost" time="0.043" /><testcase classname="tests.unit.test_observability_contract_freeze.TestFrozenObservabilityContracts" name="test_orphan_aggregation_key_freeze" time="0.003" /><testcase classname="tests.unit.test_logging_redaction" name="test_logging_redaction_hardening" time="0.003" /><testcase classname="tests.unit.test_logging_redaction" name="test_logging_redaction_structlog_key_value_constants_preserved_bug141b" time="0.003" /><testcase classname="tests.unit.test_logging_redaction" name="test_numeric_key_value_pairs_are_never_entropy_redacted" time="0.003" /><testcase classname="tests.unit.test_web_ux_safety.TestModeSwitchGate" name="test_01_app_js_has_no_bare_mode_post" time="0.003" /><testcase classname="tests.unit.test_web_ux_safety.TestModeSwitchGate" name="test_02_live_transition_requires_typed_confirmation" time="0.003" /><testcase classname="tests.unit.test_web_ux_safety.TestModeSwitchGate" name="test_03_cancel_reverts_selector_to_server_mode" time="0.003" /><testcase classname="tests.unit.test_web_ux_safety.TestModeSwitchGate" name="test_04_fallback_without_ux_layer_keeps_original_render" time="0.003" /><testcase classname="tests.unit.test_web_ux_safety.TestPaletteSafety" name="test_05_palette_has_no_dangerous_commands" time="0.003" /><testcase classname="tests.unit.test_web_ux_safety.TestPaletteSafety" name="test_06_palette_binds_ctrl_k_and_shortcuts" time="0.003" /><testcase classname="tests.unit.test_web_ux_safety.TestPaletteSafety" name="test_07_palette_uses_app_switch_tab" time="0.003" /><testcase classname="tests.unit.test_web_ux_safety.TestConnectivityTruth" name="test_08_conn_controller_states" time="0.003" /><testcase classname="tests.unit.test_web_ux_safety.TestConnectivityTruth" name="test_09_banner_never_shown_without_signal" time="0.003" /><testcase classname="tests.unit.test_web_ux_safety.TestConnectivityTruth" name="test_10_sse_error_and_success_wire_into_controller" time="0.003" /><testcase classname="tests.unit.test_web_ux_safety.TestDecisionHumanization" name="test_11_guardian_block_not_rendered_as_zero_confidence" time="0.003" /><testcase classname="tests.unit.test_web_ux_safety.TestDecisionHumanization" name="test_12_unknown_reason_falls_back_verbatim" time="0.003" /><testcase classname="tests.unit.test_web_ux_safety.TestDecisionHumanization" name="test_13_known_reasons_have_translations" time="0.003" /><testcase classname="tests.unit.test_web_ux_safety.TestDecisionHumanization" name="test_14_app_js_keeps_fallback_render" time="0.003" /><testcase classname="tests.unit.test_web_ux_safety.TestI18n" name="test_15_all_five_dictionaries_present" time="0.003" /><testcase classname="tests.unit.test_web_ux_safety.TestI18n" name="test_16_rtl_declared_for_fa_and_ar" time="0.003" /><testcase classname="tests.unit.test_web_ux_safety.TestI18n" name="test_17_language_pref_is_ui_only_key" time="0.003" /><testcase classname="tests.unit.test_web_ux_safety.TestI18n" name="test_18_chrome_keys_translated_in_all_dictionaries" time="0.003" /><testcase classname="tests.unit.test_observability_guardrails.TestSubsystemPins" name="test_telegram_disabled_dormant" time="0.006" /><testcase classname="tests.unit.test_web_ux_safety.TestServeRoutes" name="test_19_ux_assets_served[ux_i18n.js]" time="0.216" /><testcase classname="tests.unit.test_web_ux_safety.TestServeRoutes" name="test_19_ux_assets_served[ux_conn.js]" time="0.008" /><testcase classname="tests.unit.test_web_ux_safety.TestServeRoutes" name="test_19_ux_assets_served[ux_attention.js]" time="0.013" /><testcase classname="tests.unit.test_web_ux_safety.TestServeRoutes" name="test_19_ux_assets_served[ux_palette.js]" time="0.035" /><testcase classname="tests.unit.test_web_ux_safety.TestServeRoutes" name="test_20_index_loads_ux_modules_before_app_js" time="0.004" /><testcase classname="tests.unit.test_web_ux_safety.TestAttentionStrip" name="test_21_rows_come_from_payload_fields" time="0.035" /><testcase classname="tests.unit.test_web_ux_safety.TestAttentionStrip" name="test_22_attention_renders_explicit_all_good" time="0.005" /><testcase classname="tests.unit.test_web_ux_safety.TestPollingEfficiency" name="test_23_account_polling_skips_hidden_tabs" time="0.007" /><testcase classname="tests.unit.test_web_ux_safety.TestServeRoutes" name="test_19_ux_assets_served[ux.js]" time="0.255" /><testcase classname="tests.unit.test_liquidity_runtime_integration_phase18" name="test_70d_13_liquidity_state_endpoint_returns_real_values" time="0.014" /><testcase classname="tests.unit.test_web_ux_safety.TestServeRoutes" name="test_19_ux_assets_served[ux_signal.js]" time="0.019" /><testcase classname="tests.unit.test_winner_protection_geometry_sprint" name="test_be_trigger_requires_r_floor_not_flat_15" time="0.006" /></testsuite></testsuites>