<?xml version="1.0" encoding="utf-8"?>
<testsuite errors="0" failures="1" name="mypy" skips="0" tests="1" time="25.780">
  <testcase classname="mypy" file="mypy" line="1" name="mypy-py3_11-linux" time="25.780">
    <failure message="mypy produced messages">src/nexus_scalp/news/pro_auto.py:284: note: By default the bodies of untyped functions are not checked, consider using --check-untyped-defs  [annotation-unchecked]
src/nexus_scalp/web/server.py:2587: note: By default the bodies of untyped functions are not checked, consider using --check-untyped-defs  [annotation-unchecked]</failure>
  </testcase>
</testsuite>
